ast login: Tue Oct  4 17:09:42 on ttys001
Melissitapita:~ melissa$ cd desktop/codingdojo/virtualenv
Melissitapita:virtualenv melissa$ source djangoenv/bin/activate
(djangoEnv) Melissitapita:virtualenv melissa$ cd ..
(djangoEnv) Melissitapita:codingdojo melissa$ cd /Users/melissa/Desktop/CodingDojo/online-python-aug-2016/MelissaHong/django
(djangoEnv) Melissitapita:django melissa$ ls
book_reviews		loginregistration	startup.txt
book_reviews.zip	main			surveyform
courses			main.zip		surveyform.zip
courses.zip		ninjagold		testapp
djangofriends		ninjagold 2.zip		thewall
emailvalidations	ninjagold.zip		thewall.zip
emailvalidations 2.zip	ninjas			travel_buddy
emailvalidations.zip	ninjas.zip		travel_buddy.zip
friends.mwb		randomwordgen		travelingbuddy
friendships.zip		randomwordgen.zip	worldORMPRactice
integration_project	semi_restful_projecty	worldORMPRactice.zip
integration_project.zip	sqlhelp.txt
(djangoEnv) Melissitapita:django melissa$ cd travelingbuddy
(djangoEnv) Melissitapita:travelingbuddy melissa$ ls
apps			manage.py		travelingbuddy
db.sqlite3		requirements.txt
(djangoEnv) Melissitapita:travelingbuddy melissa$ atom .
(djangoEnv) Melissitapita:travelingbuddy melissa$ git init
Reinitialized existing Git repository in /Users/melissa/Desktop/CodingDojo/online-python-aug-2016/MelissaHong/django/travelingbuddy/.git/
(djangoEnv) Melissitapita:travelingbuddy melissa$ git add .
(djangoEnv) Melissitapita:travelingbuddy melissa$ git commit -m 'my first commit'
[master 4f1a3df] my first commit
 1 file changed, 9 deletions(-)
 delete mode 100644 requirements.txt
(djangoEnv) Melissitapita:travelingbuddy melissa$ ls
apps		db.sqlite3	manage.py	travelingbuddy
(djangoEnv) Melissitapita:travelingbuddy melissa$ git remote add origin https://github.com/MelissaEHong/deployment.git
fatal: remote origin already exists.
(djangoEnv) Melissitapita:travelingbuddy melissa$ git remote rm origin
(djangoEnv) Melissitapita:travelingbuddy melissa$ git remote add origin https://github.com/MelissaEHong/deployment.git
(djangoEnv) Melissitapita:travelingbuddy melissa$ git push -u origin master
Counting objects: 2, done.
Delta compression using up to 4 threads.
Compressing objects: 100% (2/2), done.
Writing objects: 100% (2/2), 226 bytes | 0 bytes/s, done.
Total 2 (delta 1), reused 0 (delta 0)
remote: Resolving deltas: 100% (1/1), completed with 1 local objects.
To https://github.com/MelissaEHong/deployment.git
   07ed57c..4f1a3df  master -> master
Branch master set up to track remote branch master from origin.
(djangoEnv) Melissitapita:travelingbuddy melissa$ pip freeze > requirements.txt
(djangoEnv) Melissitapita:travelingbuddy melissa$ git add .
(djangoEnv) Melissitapita:travelingbuddy melissa$ git status
On branch master
Your branch is up-to-date with 'origin/master'.
Changes to be committed:
  (use "git reset HEAD <file>..." to unstage)

	new file:   requirements.txt

Changes not staged for commit:
  (use "git add <file>..." to update what will be committed)
  (use "git checkout -- <file>..." to discard changes in working directory)

	modified:   requirements.txt

(djangoEnv) Melissitapita:travelingbuddy melissa$ git add .
(djangoEnv) Melissitapita:travelingbuddy melissa$ git commit -m 'add python dependencies'
[master 7f644f6] add python dependencies
 1 file changed, 9 insertions(+)
 create mode 100644 requirements.txt
(djangoEnv) Melissitapita:travelingbuddy melissa$ git push origin master
Counting objects: 3, done.
Delta compression using up to 4 threads.
Compressing objects: 100% (3/3), done.
Writing objects: 100% (3/3), 410 bytes | 0 bytes/s, done.
Total 3 (delta 1), reused 0 (delta 0)
remote: Resolving deltas: 100% (1/1), completed with 1 local objects.
To https://github.com/MelissaEHong/deployment.git
   4f1a3df..7f644f6  master -> master
(djangoEnv) Melissitapita:travelingbuddy melissa$ cd ../../../../..
(djangoEnv) Melissitapita:Desktop melissa$ chmod 400 launchkey.pem
(djangoEnv) Melissitapita:Desktop melissa$ ssh -i "launchkey.pem" ubuntu@ec2-52-36-197-243.us-west-2.compute.amazonaws.com
The authenticity of host 'ec2-52-36-197-243.us-west-2.compute.amazonaws.com (52.36.197.243)' can't be established.
ECDSA key fingerprint is SHA256:H/eF26VqLfe0VDnW2GldmAewVFInI7gjBNy9fjqQcbM.
Are you sure you want to continue connecting (yes/no)? yes
Warning: Permanently added 'ec2-52-36-197-243.us-west-2.compute.amazonaws.com,52.36.197.243' (ECDSA) to the list of known hosts.
Welcome to Ubuntu 14.04.4 LTS (GNU/Linux 3.13.0-92-generic x86_64)

 * Documentation:  https://help.ubuntu.com/

  System information as of Wed Oct  5 10:31:17 UTC 2016

  System load: 0.0               Memory usage: 5%   Processes:       83
  Usage of /:  10.0% of 7.74GB   Swap usage:   0%   Users logged in: 0

  Graph this data and manage this system at:
    https://landscape.canonical.com/

  Get cloud support with Ubuntu Advantage Cloud Guest:
    http://www.ubuntu.com/business/services/cloud

0 packages can be updated.
0 updates are security updates.



The programs included with the Ubuntu system are free software;
the exact distribution terms for each program are described in the
individual files in /usr/share/doc/*/copyright.

Ubuntu comes with ABSOLUTELY NO WARRANTY, to the extent permitted by
applicable law.

ubuntu@ip-172-31-18-211:~$ sudo apt-get update
Ign http://us-west-2.ec2.archive.ubuntu.com trusty InRelease
Get:1 http://us-west-2.ec2.archive.ubuntu.com trusty-updates InRelease [65.9 kB]
Get:2 http://us-west-2.ec2.archive.ubuntu.com trusty-backports InRelease [65.9 kB]
Hit http://us-west-2.ec2.archive.ubuntu.com trusty Release.gpg
Hit http://us-west-2.ec2.archive.ubuntu.com trusty Release
Get:3 http://us-west-2.ec2.archive.ubuntu.com trusty-updates/main Sources [383 kB]
Get:4 http://us-west-2.ec2.archive.ubuntu.com trusty-updates/restricted Sources [5,360 B]
Get:5 http://us-west-2.ec2.archive.ubuntu.com trusty-updates/universe Sources [166 kB]
Get:6 http://us-west-2.ec2.archive.ubuntu.com trusty-updates/multiverse Sources [7,520 B]
Get:7 http://us-west-2.ec2.archive.ubuntu.com trusty-updates/main amd64 Packages [900 kB]
Get:8 http://us-west-2.ec2.archive.ubuntu.com trusty-updates/restricted amd64 Packages [15.9 kB]
Get:9 http://us-west-2.ec2.archive.ubuntu.com trusty-updates/universe amd64 Packages [376 kB]
Get:10 http://us-west-2.ec2.archive.ubuntu.com trusty-updates/multiverse amd64 Packages [15.0 kB]
Get:11 http://us-west-2.ec2.archive.ubuntu.com trusty-updates/main Translation-en [437 kB]
Get:12 http://us-west-2.ec2.archive.ubuntu.com trusty-updates/multiverse Translation-en [7,931 B]
Get:13 http://us-west-2.ec2.archive.ubuntu.com trusty-updates/restricted Translation-en [3,699 B]
Get:14 http://us-west-2.ec2.archive.ubuntu.com trusty-updates/universe Translation-en [199 kB]
Get:15 http://us-west-2.ec2.archive.ubuntu.com trusty-backports/main Sources [9,653 B]
Get:16 http://us-west-2.ec2.archive.ubuntu.com trusty-backports/restricted Sources [28 B]
Get:17 http://us-west-2.ec2.archive.ubuntu.com trusty-backports/universe Sources [35.2 kB]
Get:18 http://us-west-2.ec2.archive.ubuntu.com trusty-backports/multiverse Sources [1,898 B]
Get:19 http://us-west-2.ec2.archive.ubuntu.com trusty-backports/main amd64 Packages [13.3 kB]
Get:20 http://us-west-2.ec2.archive.ubuntu.com trusty-backports/restricted amd64 Packages [28 B]
Get:21 http://us-west-2.ec2.archive.ubuntu.com trusty-backports/universe amd64 Packages [43.1 kB]
Get:22 http://us-west-2.ec2.archive.ubuntu.com trusty-backports/multiverse amd64 Packages [1,571 B]
Get:23 http://us-west-2.ec2.archive.ubuntu.com trusty-backports/main Translation-en [7,493 B]
Get:24 http://us-west-2.ec2.archive.ubuntu.com trusty-backports/multiverse Translation-en [1,215 B]
Get:25 http://us-west-2.ec2.archive.ubuntu.com trusty-backports/restricted Translation-en [28 B]
Get:26 http://us-west-2.ec2.archive.ubuntu.com trusty-backports/universe Translation-en [36.8 kB]
Get:27 http://us-west-2.ec2.archive.ubuntu.com trusty/main Sources [1,064 kB]
Get:28 http://us-west-2.ec2.archive.ubuntu.com trusty/restricted Sources [5,433 B]
Get:29 http://us-west-2.ec2.archive.ubuntu.com trusty/universe Sources [6,399 kB]
Get:30 http://security.ubuntu.com trusty-security InRelease [65.9 kB]
Get:31 http://us-west-2.ec2.archive.ubuntu.com trusty/multiverse Sources [174 kB]
Hit http://us-west-2.ec2.archive.ubuntu.com trusty/main amd64 Packages
Hit http://us-west-2.ec2.archive.ubuntu.com trusty/restricted amd64 Packages
Hit http://us-west-2.ec2.archive.ubuntu.com trusty/universe amd64 Packages
Hit http://us-west-2.ec2.archive.ubuntu.com trusty/multiverse amd64 Packages
Hit http://us-west-2.ec2.archive.ubuntu.com trusty/main Translation-en
Hit http://us-west-2.ec2.archive.ubuntu.com trusty/multiverse Translation-en
Hit http://us-west-2.ec2.archive.ubuntu.com trusty/restricted Translation-en
Hit http://us-west-2.ec2.archive.ubuntu.com trusty/universe Translation-en
Ign http://us-west-2.ec2.archive.ubuntu.com trusty/main Translation-en_US
Ign http://us-west-2.ec2.archive.ubuntu.com trusty/multiverse Translation-en_US
Ign http://us-west-2.ec2.archive.ubuntu.com trusty/restricted Translation-en_US
Ign http://us-west-2.ec2.archive.ubuntu.com trusty/universe Translation-en_US
Get:32 http://security.ubuntu.com trusty-security/main Sources [120 kB]
Get:33 http://security.ubuntu.com trusty-security/universe Sources [43.6 kB]
Get:34 http://security.ubuntu.com trusty-security/main amd64 Packages [531 kB]
Get:35 http://security.ubuntu.com trusty-security/universe amd64 Packages [138 kB]
Get:36 http://security.ubuntu.com trusty-security/main Translation-en [292 kB]
Get:37 http://security.ubuntu.com trusty-security/universe Translation-en [82.7 kB]
Fetched 11.7 MB in 4s (2,718 kB/s)
Reading package lists... Done
ubuntu@ip-172-31-18-211:~$ sudo apt-get install python-pip python-dev libpq-dev postgresql postgresql-contrib nginx git
Reading package lists... Done
Building dependency tree
Reading state information... Done
The following extra packages will be installed:
  binutils build-essential comerr-dev cpp cpp-4.8 dpkg-dev fakeroot
  fontconfig-config fonts-dejavu-core g++ g++-4.8 gcc gcc-4.8 git-man
  krb5-multidev libalgorithm-diff-perl libalgorithm-diff-xs-perl
  libalgorithm-merge-perl libasan0 libatomic1 libc-dev-bin libc6-dev
  libcloog-isl4 libdpkg-perl liberror-perl libexpat1-dev libfakeroot
  libfile-fcntllock-perl libfontconfig1 libgcc-4.8-dev libgd3 libgmp10
  libgomp1 libgssrpc4 libisl10 libitm1 libjbig0 libjpeg-turbo8 libjpeg8
  libkadm5clnt-mit9 libkadm5srv-mit9 libkdb5-7 libmpc3 libmpfr4 libossp-uuid16
  libpq5 libpython-dev libpython2.7-dev libquadmath0 libssl-dev libssl-doc
  libssl1.0.0 libstdc++-4.8-dev libtiff5 libtsan0 libvpx1 libxpm4 libxslt1.1
  linux-libc-dev make manpages-dev nginx-common nginx-core postgresql-9.3
  postgresql-client-9.3 postgresql-client-common postgresql-common
  postgresql-contrib-9.3 python-chardet-whl python-colorama
  python-colorama-whl python-distlib python-distlib-whl python-html5lib
  python-html5lib-whl python-pip-whl python-requests-whl python-setuptools
  python-setuptools-whl python-six-whl python-urllib3-whl python-wheel
  python2.7-dev python3-pkg-resources ssl-cert zlib1g-dev
Suggested packages:
  binutils-doc doc-base cpp-doc gcc-4.8-locales debian-keyring g++-multilib
  g++-4.8-multilib gcc-4.8-doc libstdc++6-4.8-dbg gcc-multilib autoconf
  automake1.9 libtool flex bison gdb gcc-doc gcc-4.8-multilib libgcc1-dbg
  libgomp1-dbg libitm1-dbg libatomic1-dbg libasan0-dbg libtsan0-dbg
  libquadmath0-dbg git-daemon-run git-daemon-sysvinit git-doc git-el git-email
  git-gui gitk gitweb git-arch git-bzr git-cvs git-mediawiki git-svn krb5-doc
  glibc-doc libgd-tools krb5-user uuid postgresql-doc-9.3 libstdc++-4.8-doc
  make-doc fcgiwrap nginx-doc oidentd ident-server locales-all libdbd-pg-perl
  python-genshi python-lxml python3-setuptools openssl-blacklist
Recommended packages:
  python-dev-all
The following NEW packages will be installed:
  binutils build-essential comerr-dev cpp cpp-4.8 dpkg-dev fakeroot
  fontconfig-config fonts-dejavu-core g++ g++-4.8 gcc gcc-4.8 git git-man
  krb5-multidev libalgorithm-diff-perl libalgorithm-diff-xs-perl
  libalgorithm-merge-perl libasan0 libatomic1 libc-dev-bin libc6-dev
  libcloog-isl4 libdpkg-perl liberror-perl libexpat1-dev libfakeroot
  libfile-fcntllock-perl libfontconfig1 libgcc-4.8-dev libgd3 libgmp10
  libgomp1 libgssrpc4 libisl10 libitm1 libjbig0 libjpeg-turbo8 libjpeg8
  libkadm5clnt-mit9 libkadm5srv-mit9 libkdb5-7 libmpc3 libmpfr4 libossp-uuid16
  libpq-dev libpq5 libpython-dev libpython2.7-dev libquadmath0 libssl-dev
  libssl-doc libstdc++-4.8-dev libtiff5 libtsan0 libvpx1 libxpm4 libxslt1.1
  linux-libc-dev make manpages-dev nginx nginx-common nginx-core postgresql
  postgresql-9.3 postgresql-client-9.3 postgresql-client-common
  postgresql-common postgresql-contrib postgresql-contrib-9.3
  python-chardet-whl python-colorama python-colorama-whl python-dev
  python-distlib python-distlib-whl python-html5lib python-html5lib-whl
  python-pip python-pip-whl python-requests-whl python-setuptools
  python-setuptools-whl python-six-whl python-urllib3-whl python-wheel
  python2.7-dev python3-pkg-resources ssl-cert zlib1g-dev
The following packages will be upgraded:
  libssl1.0.0
1 upgraded, 92 newly installed, 0 to remove and 45 not upgraded.
Need to get 77.4 MB of archives.
After this operation, 214 MB of additional disk space will be used.
Do you want to continue? [Y/n] y
Get:1 http://us-west-2.ec2.archive.ubuntu.com/ubuntu/ trusty-updates/main libssl1.0.0 amd64 1.0.1f-1ubuntu2.21 [830 kB]
Get:2 http://us-west-2.ec2.archive.ubuntu.com/ubuntu/ trusty-updates/main libasan0 amd64 4.8.4-2ubuntu1~14.04.3 [63.1 kB]
Get:3 http://us-west-2.ec2.archive.ubuntu.com/ubuntu/ trusty-updates/main libatomic1 amd64 4.8.4-2ubuntu1~14.04.3 [8,636 B]
Get:4 http://us-west-2.ec2.archive.ubuntu.com/ubuntu/ trusty/main libgmp10 amd64 2:5.1.3+dfsg-1ubuntu1 [218 kB]
Get:5 http://us-west-2.ec2.archive.ubuntu.com/ubuntu/ trusty/main libisl10 amd64 0.12.2-1 [419 kB]
Get:6 http://us-west-2.ec2.archive.ubuntu.com/ubuntu/ trusty/main libcloog-isl4 amd64 0.18.2-1 [57.5 kB]
Get:7 http://us-west-2.ec2.archive.ubuntu.com/ubuntu/ trusty/main fonts-dejavu-core all 2.34-1ubuntu1 [1,024 kB]
Get:8 http://us-west-2.ec2.archive.ubuntu.com/ubuntu/ trusty-updates/main fontconfig-config all 2.11.0-0ubuntu4.2 [47.4 kB]
Get:9 http://us-west-2.ec2.archive.ubuntu.com/ubuntu/ trusty-updates/main libfontconfig1 amd64 2.11.0-0ubuntu4.2 [123 kB]
Get:10 http://us-west-2.ec2.archive.ubuntu.com/ubuntu/ trusty/main libjpeg-turbo8 amd64 1.3.0-0ubuntu2 [104 kB]
Get:11 http://us-west-2.ec2.archive.ubuntu.com/ubuntu/ trusty/main libjpeg8 amd64 8c-2ubuntu8 [2,194 B]
Get:12 http://us-west-2.ec2.archive.ubuntu.com/ubuntu/ trusty-updates/main libjbig0 amd64 2.0-2ubuntu4.1 [26.1 kB]
Get:13 http://us-west-2.ec2.archive.ubuntu.com/ubuntu/ trusty-updates/main libtiff5 amd64 4.0.3-7ubuntu0.4 [143 kB]
Get:14 http://us-west-2.ec2.archive.ubuntu.com/ubuntu/ trusty/main libvpx1 amd64 1.3.0-2 [556 kB]
Get:15 http://us-west-2.ec2.archive.ubuntu.com/ubuntu/ trusty/main libxpm4 amd64 1:3.5.10-1 [38.3 kB]
Get:16 http://us-west-2.ec2.archive.ubuntu.com/ubuntu/ trusty-updates/main libgd3 amd64 2.1.0-3ubuntu0.3 [122 kB]
Get:17 http://us-west-2.ec2.archive.ubuntu.com/ubuntu/ trusty-updates/main libgomp1 amd64 4.8.4-2ubuntu1~14.04.3 [23.1 kB]
Get:18 http://us-west-2.ec2.archive.ubuntu.com/ubuntu/ trusty-updates/main libgssrpc4 amd64 1.12+dfsg-2ubuntu5.2 [53.1 kB]
Get:19 http://us-west-2.ec2.archive.ubuntu.com/ubuntu/ trusty-updates/main libitm1 amd64 4.8.4-2ubuntu1~14.04.3 [28.5 kB]
Get:20 http://us-west-2.ec2.archive.ubuntu.com/ubuntu/ trusty-updates/main libkadm5clnt-mit9 amd64 1.12+dfsg-2ubuntu5.2 [36.2 kB]
Get:21 http://us-west-2.ec2.archive.ubuntu.com/ubuntu/ trusty-updates/main libkdb5-7 amd64 1.12+dfsg-2ubuntu5.2 [36.2 kB]
Get:22 http://us-west-2.ec2.archive.ubuntu.com/ubuntu/ trusty-updates/main libkadm5srv-mit9 amd64 1.12+dfsg-2ubuntu5.2 [50.4 kB]
Get:23 http://us-west-2.ec2.archive.ubuntu.com/ubuntu/ trusty/main libmpfr4 amd64 3.1.2-1 [203 kB]
Get:24 http://us-west-2.ec2.archive.ubuntu.com/ubuntu/ trusty-updates/main libc-dev-bin amd64 2.19-0ubuntu6.9 [69.0 kB]
Get:25 http://us-west-2.ec2.archive.ubuntu.com/ubuntu/ trusty-updates/main linux-libc-dev amd64 3.13.0-96.143 [767 kB]
Get:26 http://us-west-2.ec2.archive.ubuntu.com/ubuntu/ trusty-updates/main libc6-dev amd64 2.19-0ubuntu6.9 [1,910 kB]
Get:27 http://us-west-2.ec2.archive.ubuntu.com/ubuntu/ trusty-updates/main libexpat1-dev amd64 2.1.0-4ubuntu1.3 [115 kB]
Get:28 http://us-west-2.ec2.archive.ubuntu.com/ubuntu/ trusty-updates/main libpython2.7-dev amd64 2.7.6-8ubuntu0.2 [22.0 MB]
Get:29 http://us-west-2.ec2.archive.ubuntu.com/ubuntu/ trusty-updates/main libquadmath0 amd64 4.8.4-2ubuntu1~14.04.3 [126 kB]
Get:30 http://us-west-2.ec2.archive.ubuntu.com/ubuntu/ trusty-updates/main libtsan0 amd64 4.8.4-2ubuntu1~14.04.3 [94.9 kB]
Get:31 http://us-west-2.ec2.archive.ubuntu.com/ubuntu/ trusty/main libxslt1.1 amd64 1.1.28-2build1 [145 kB]
Get:32 http://us-west-2.ec2.archive.ubuntu.com/ubuntu/ trusty/main libmpc3 amd64 1.0.1-1ubuntu1 [38.4 kB]
Get:33 http://us-west-2.ec2.archive.ubuntu.com/ubuntu/ trusty-updates/main binutils amd64 2.24-5ubuntu14.1 [2,081 kB]
Get:34 http://us-west-2.ec2.archive.ubuntu.com/ubuntu/ trusty-updates/main cpp-4.8 amd64 4.8.4-2ubuntu1~14.04.3 [4,595 kB]
Get:35 http://us-west-2.ec2.archive.ubuntu.com/ubuntu/ trusty/main cpp amd64 4:4.8.2-1ubuntu6 [27.5 kB]
Get:36 http://us-west-2.ec2.archive.ubuntu.com/ubuntu/ trusty-updates/main libgcc-4.8-dev amd64 4.8.4-2ubuntu1~14.04.3 [1,688 kB]
Get:37 http://us-west-2.ec2.archive.ubuntu.com/ubuntu/ trusty-updates/main gcc-4.8 amd64 4.8.4-2ubuntu1~14.04.3 [5,047 kB]
Get:38 http://us-west-2.ec2.archive.ubuntu.com/ubuntu/ trusty/main gcc amd64 4:4.8.2-1ubuntu6 [5,098 B]
Get:39 http://us-west-2.ec2.archive.ubuntu.com/ubuntu/ trusty-updates/main libstdc++-4.8-dev amd64 4.8.4-2ubuntu1~14.04.3 [1,053 kB]
Get:40 http://us-west-2.ec2.archive.ubuntu.com/ubuntu/ trusty-updates/main g++-4.8 amd64 4.8.4-2ubuntu1~14.04.3 [18.1 MB]
Get:41 http://us-west-2.ec2.archive.ubuntu.com/ubuntu/ trusty/main g++ amd64 4:4.8.2-1ubuntu6 [1,490 B]
Get:42 http://us-west-2.ec2.archive.ubuntu.com/ubuntu/ trusty/main make amd64 3.81-8.2ubuntu3 [119 kB]
Get:43 http://us-west-2.ec2.archive.ubuntu.com/ubuntu/ trusty-updates/main libdpkg-perl all 1.17.5ubuntu5.7 [179 kB]
Get:44 http://us-west-2.ec2.archive.ubuntu.com/ubuntu/ trusty-updates/main dpkg-dev all 1.17.5ubuntu5.7 [726 kB]
Get:45 http://us-west-2.ec2.archive.ubuntu.com/ubuntu/ trusty/main build-essential amd64 11.6ubuntu6 [4,838 B]
Get:46 http://us-west-2.ec2.archive.ubuntu.com/ubuntu/ trusty/main libfakeroot amd64 1.20-3ubuntu2 [25.4 kB]
Get:47 http://us-west-2.ec2.archive.ubuntu.com/ubuntu/ trusty/main fakeroot amd64 1.20-3ubuntu2 [55.0 kB]
Get:48 http://us-west-2.ec2.archive.ubuntu.com/ubuntu/ trusty/main liberror-perl all 0.17-1.1 [21.1 kB]
Get:49 http://us-west-2.ec2.archive.ubuntu.com/ubuntu/ trusty-updates/main git-man all 1:1.9.1-1ubuntu0.3 [699 kB]
Get:50 http://us-west-2.ec2.archive.ubuntu.com/ubuntu/ trusty-updates/main git amd64 1:1.9.1-1ubuntu0.3 [2,586 kB]
Get:51 http://us-west-2.ec2.archive.ubuntu.com/ubuntu/ trusty-updates/main comerr-dev amd64 2.1-1.42.9-3ubuntu1.3 [38.3 kB]
Get:52 http://us-west-2.ec2.archive.ubuntu.com/ubuntu/ trusty-updates/main krb5-multidev amd64 1.12+dfsg-2ubuntu5.2 [111 kB]
Get:53 http://us-west-2.ec2.archive.ubuntu.com/ubuntu/ trusty/main libalgorithm-diff-perl all 1.19.02-3 [50.0 kB]
Get:54 http://us-west-2.ec2.archive.ubuntu.com/ubuntu/ trusty/main libalgorithm-diff-xs-perl amd64 0.04-2build4 [12.6 kB]
Get:55 http://us-west-2.ec2.archive.ubuntu.com/ubuntu/ trusty/main libalgorithm-merge-perl all 0.08-2 [12.7 kB]
Get:56 http://us-west-2.ec2.archive.ubuntu.com/ubuntu/ trusty/main libfile-fcntllock-perl amd64 0.14-2build1 [15.9 kB]
Get:57 http://us-west-2.ec2.archive.ubuntu.com/ubuntu/ trusty/main libossp-uuid16 amd64 1.6.2-1.3ubuntu1 [29.6 kB]
Get:58 http://us-west-2.ec2.archive.ubuntu.com/ubuntu/ trusty-updates/main libpq5 amd64 9.3.14-0ubuntu0.14.04 [78.8 kB]
Get:59 http://us-west-2.ec2.archive.ubuntu.com/ubuntu/ trusty/main zlib1g-dev amd64 1:1.2.8.dfsg-1ubuntu1 [183 kB]
Get:60 http://us-west-2.ec2.archive.ubuntu.com/ubuntu/ trusty-updates/main libssl-dev amd64 1.0.1f-1ubuntu2.21 [1,074 kB]
Get:61 http://us-west-2.ec2.archive.ubuntu.com/ubuntu/ trusty-updates/main libpq-dev amd64 9.3.14-0ubuntu0.14.04 [140 kB]
Get:62 http://us-west-2.ec2.archive.ubuntu.com/ubuntu/ trusty/main libpython-dev amd64 2.7.5-5ubuntu3 [7,078 B]
Get:63 http://us-west-2.ec2.archive.ubuntu.com/ubuntu/ trusty-updates/main libssl-doc all 1.0.1f-1ubuntu2.21 [971 kB]
Get:64 http://us-west-2.ec2.archive.ubuntu.com/ubuntu/ trusty/main manpages-dev all 3.54-1ubuntu1 [1,820 kB]
Get:65 http://us-west-2.ec2.archive.ubuntu.com/ubuntu/ trusty-updates/main nginx-common all 1.4.6-1ubuntu3.5 [18.1 kB]
Get:66 http://us-west-2.ec2.archive.ubuntu.com/ubuntu/ trusty-updates/main nginx-core amd64 1.4.6-1ubuntu3.5 [325 kB]
Get:67 http://us-west-2.ec2.archive.ubuntu.com/ubuntu/ trusty-updates/main nginx all 1.4.6-1ubuntu3.5 [5,454 B]
Get:68 http://us-west-2.ec2.archive.ubuntu.com/ubuntu/ trusty-updates/main postgresql-client-common all 154ubuntu1 [25.4 kB]
Get:69 http://us-west-2.ec2.archive.ubuntu.com/ubuntu/ trusty-updates/main postgresql-client-9.3 amd64 9.3.14-0ubuntu0.14.04 [786 kB]
Get:70 http://us-west-2.ec2.archive.ubuntu.com/ubuntu/ trusty/main ssl-cert all 1.0.33 [16.6 kB]
Get:71 http://us-west-2.ec2.archive.ubuntu.com/ubuntu/ trusty-updates/main postgresql-common all 154ubuntu1 [103 kB]
Get:72 http://us-west-2.ec2.archive.ubuntu.com/ubuntu/ trusty-updates/main postgresql-9.3 amd64 9.3.14-0ubuntu0.14.04 [2,684 kB]
Get:73 http://us-west-2.ec2.archive.ubuntu.com/ubuntu/ trusty-updates/main postgresql all 9.3+154ubuntu1 [5,038 B]
Get:74 http://us-west-2.ec2.archive.ubuntu.com/ubuntu/ trusty-updates/main postgresql-contrib-9.3 amd64 9.3.14-0ubuntu0.14.04 [401 kB]
Get:75 http://us-west-2.ec2.archive.ubuntu.com/ubuntu/ trusty-updates/main postgresql-contrib all 9.3+154ubuntu1 [5,058 B]
Get:76 http://us-west-2.ec2.archive.ubuntu.com/ubuntu/ trusty-updates/main python3-pkg-resources all 3.3-1ubuntu2 [31.7 kB]
Get:77 http://us-west-2.ec2.archive.ubuntu.com/ubuntu/ trusty-updates/universe python-chardet-whl all 2.2.1-2~ubuntu1 [170 kB]
Get:78 http://us-west-2.ec2.archive.ubuntu.com/ubuntu/ trusty-updates/universe python-colorama all 0.2.5-0.1ubuntu2 [18.4 kB]
Get:79 http://us-west-2.ec2.archive.ubuntu.com/ubuntu/ trusty-updates/universe python-colorama-whl all 0.2.5-0.1ubuntu2 [18.2 kB]
Get:80 http://us-west-2.ec2.archive.ubuntu.com/ubuntu/ trusty-updates/main python2.7-dev amd64 2.7.6-8ubuntu0.2 [269 kB]
Get:81 http://us-west-2.ec2.archive.ubuntu.com/ubuntu/ trusty/main python-dev amd64 2.7.5-5ubuntu3 [1,166 B]
Get:82 http://us-west-2.ec2.archive.ubuntu.com/ubuntu/ trusty-updates/universe python-distlib all 0.1.8-1ubuntu1 [113 kB]
Get:83 http://us-west-2.ec2.archive.ubuntu.com/ubuntu/ trusty-updates/universe python-distlib-whl all 0.1.8-1ubuntu1 [140 kB]
Get:84 http://us-west-2.ec2.archive.ubuntu.com/ubuntu/ trusty-updates/main python-html5lib all 0.999-3~ubuntu1 [83.5 kB]
Get:85 http://us-west-2.ec2.archive.ubuntu.com/ubuntu/ trusty-updates/main python-html5lib-whl all 0.999-3~ubuntu1 [109 kB]
Get:86 http://us-west-2.ec2.archive.ubuntu.com/ubuntu/ trusty-updates/main python-six-whl all 1.5.2-1ubuntu1 [10.5 kB]
Get:87 http://us-west-2.ec2.archive.ubuntu.com/ubuntu/ trusty-updates/main python-urllib3-whl all 1.7.1-1ubuntu4 [64.0 kB]
Get:88 http://us-west-2.ec2.archive.ubuntu.com/ubuntu/ trusty-updates/main python-requests-whl all 2.2.1-1ubuntu0.3 [227 kB]
Get:89 http://us-west-2.ec2.archive.ubuntu.com/ubuntu/ trusty-updates/main python-setuptools-whl all 3.3-1ubuntu2 [244 kB]
Get:90 http://us-west-2.ec2.archive.ubuntu.com/ubuntu/ trusty-updates/universe python-pip-whl all 1.5.4-1ubuntu4 [111 kB]
Get:91 http://us-west-2.ec2.archive.ubuntu.com/ubuntu/ trusty-updates/main python-setuptools all 3.3-1ubuntu2 [230 kB]
Get:92 http://us-west-2.ec2.archive.ubuntu.com/ubuntu/ trusty-updates/universe python-pip all 1.5.4-1ubuntu4 [97.3 kB]
Get:93 http://us-west-2.ec2.archive.ubuntu.com/ubuntu/ trusty-updates/main python-wheel all 0.24.0-1~ubuntu1 [44.7 kB]
Fetched 77.4 MB in 2s (38.1 MB/s)
Extracting templates from packages: 100%
Preconfiguring packages ...
(Reading database ... 51172 files and directories currently installed.)
Preparing to unpack .../libssl1.0.0_1.0.1f-1ubuntu2.21_amd64.deb ...
Unpacking libssl1.0.0:amd64 (1.0.1f-1ubuntu2.21) over (1.0.1f-1ubuntu2.19) ...
Selecting previously unselected package libasan0:amd64.
Preparing to unpack .../libasan0_4.8.4-2ubuntu1~14.04.3_amd64.deb ...
Unpacking libasan0:amd64 (4.8.4-2ubuntu1~14.04.3) ...
Selecting previously unselected package libatomic1:amd64.
Preparing to unpack .../libatomic1_4.8.4-2ubuntu1~14.04.3_amd64.deb ...
Unpacking libatomic1:amd64 (4.8.4-2ubuntu1~14.04.3) ...
Selecting previously unselected package libgmp10:amd64.
Preparing to unpack .../libgmp10_2%3a5.1.3+dfsg-1ubuntu1_amd64.deb ...
Unpacking libgmp10:amd64 (2:5.1.3+dfsg-1ubuntu1) ...
Selecting previously unselected package libisl10:amd64.
Preparing to unpack .../libisl10_0.12.2-1_amd64.deb ...
Unpacking libisl10:amd64 (0.12.2-1) ...
Selecting previously unselected package libcloog-isl4:amd64.
Preparing to unpack .../libcloog-isl4_0.18.2-1_amd64.deb ...
Unpacking libcloog-isl4:amd64 (0.18.2-1) ...
Selecting previously unselected package fonts-dejavu-core.
Preparing to unpack .../fonts-dejavu-core_2.34-1ubuntu1_all.deb ...
Unpacking fonts-dejavu-core (2.34-1ubuntu1) ...
Selecting previously unselected package fontconfig-config.
Preparing to unpack .../fontconfig-config_2.11.0-0ubuntu4.2_all.deb ...
Unpacking fontconfig-config (2.11.0-0ubuntu4.2) ...
Selecting previously unselected package libfontconfig1:amd64.
Preparing to unpack .../libfontconfig1_2.11.0-0ubuntu4.2_amd64.deb ...
Unpacking libfontconfig1:amd64 (2.11.0-0ubuntu4.2) ...
Selecting previously unselected package libjpeg-turbo8:amd64.
Preparing to unpack .../libjpeg-turbo8_1.3.0-0ubuntu2_amd64.deb ...
Unpacking libjpeg-turbo8:amd64 (1.3.0-0ubuntu2) ...
Selecting previously unselected package libjpeg8:amd64.
Preparing to unpack .../libjpeg8_8c-2ubuntu8_amd64.deb ...
Unpacking libjpeg8:amd64 (8c-2ubuntu8) ...
Selecting previously unselected package libjbig0:amd64.
Preparing to unpack .../libjbig0_2.0-2ubuntu4.1_amd64.deb ...
Unpacking libjbig0:amd64 (2.0-2ubuntu4.1) ...
Selecting previously unselected package libtiff5:amd64.
Preparing to unpack .../libtiff5_4.0.3-7ubuntu0.4_amd64.deb ...
Unpacking libtiff5:amd64 (4.0.3-7ubuntu0.4) ...
Selecting previously unselected package libvpx1:amd64.
Preparing to unpack .../libvpx1_1.3.0-2_amd64.deb ...
Unpacking libvpx1:amd64 (1.3.0-2) ...
Selecting previously unselected package libxpm4:amd64.
Preparing to unpack .../libxpm4_1%3a3.5.10-1_amd64.deb ...
Unpacking libxpm4:amd64 (1:3.5.10-1) ...
Selecting previously unselected package libgd3:amd64.
Preparing to unpack .../libgd3_2.1.0-3ubuntu0.3_amd64.deb ...
Unpacking libgd3:amd64 (2.1.0-3ubuntu0.3) ...
Selecting previously unselected package libgomp1:amd64.
Preparing to unpack .../libgomp1_4.8.4-2ubuntu1~14.04.3_amd64.deb ...
Unpacking libgomp1:amd64 (4.8.4-2ubuntu1~14.04.3) ...
Selecting previously unselected package libgssrpc4:amd64.
Preparing to unpack .../libgssrpc4_1.12+dfsg-2ubuntu5.2_amd64.deb ...
Unpacking libgssrpc4:amd64 (1.12+dfsg-2ubuntu5.2) ...
Selecting previously unselected package libitm1:amd64.
Preparing to unpack .../libitm1_4.8.4-2ubuntu1~14.04.3_amd64.deb ...
Unpacking libitm1:amd64 (4.8.4-2ubuntu1~14.04.3) ...
Selecting previously unselected package libkadm5clnt-mit9:amd64.
Preparing to unpack .../libkadm5clnt-mit9_1.12+dfsg-2ubuntu5.2_amd64.deb ...
Unpacking libkadm5clnt-mit9:amd64 (1.12+dfsg-2ubuntu5.2) ...
Selecting previously unselected package libkdb5-7:amd64.
Preparing to unpack .../libkdb5-7_1.12+dfsg-2ubuntu5.2_amd64.deb ...
Unpacking libkdb5-7:amd64 (1.12+dfsg-2ubuntu5.2) ...
Selecting previously unselected package libkadm5srv-mit9:amd64.
Preparing to unpack .../libkadm5srv-mit9_1.12+dfsg-2ubuntu5.2_amd64.deb ...
Unpacking libkadm5srv-mit9:amd64 (1.12+dfsg-2ubuntu5.2) ...
Selecting previously unselected package libmpfr4:amd64.
Preparing to unpack .../libmpfr4_3.1.2-1_amd64.deb ...
Unpacking libmpfr4:amd64 (3.1.2-1) ...
Selecting previously unselected package libc-dev-bin.
Preparing to unpack .../libc-dev-bin_2.19-0ubuntu6.9_amd64.deb ...
Unpacking libc-dev-bin (2.19-0ubuntu6.9) ...
Selecting previously unselected package linux-libc-dev:amd64.
Preparing to unpack .../linux-libc-dev_3.13.0-96.143_amd64.deb ...
Unpacking linux-libc-dev:amd64 (3.13.0-96.143) ...
Selecting previously unselected package libc6-dev:amd64.
Preparing to unpack .../libc6-dev_2.19-0ubuntu6.9_amd64.deb ...
Unpacking libc6-dev:amd64 (2.19-0ubuntu6.9) ...
Selecting previously unselected package libexpat1-dev:amd64.
Preparing to unpack .../libexpat1-dev_2.1.0-4ubuntu1.3_amd64.deb ...
Unpacking libexpat1-dev:amd64 (2.1.0-4ubuntu1.3) ...
Selecting previously unselected package libpython2.7-dev:amd64.
Preparing to unpack .../libpython2.7-dev_2.7.6-8ubuntu0.2_amd64.deb ...
Unpacking libpython2.7-dev:amd64 (2.7.6-8ubuntu0.2) ...
Selecting previously unselected package libquadmath0:amd64.
Preparing to unpack .../libquadmath0_4.8.4-2ubuntu1~14.04.3_amd64.deb ...
Unpacking libquadmath0:amd64 (4.8.4-2ubuntu1~14.04.3) ...
Selecting previously unselected package libtsan0:amd64.
Preparing to unpack .../libtsan0_4.8.4-2ubuntu1~14.04.3_amd64.deb ...
Unpacking libtsan0:amd64 (4.8.4-2ubuntu1~14.04.3) ...
Selecting previously unselected package libxslt1.1:amd64.
Preparing to unpack .../libxslt1.1_1.1.28-2build1_amd64.deb ...
Unpacking libxslt1.1:amd64 (1.1.28-2build1) ...
Selecting previously unselected package libmpc3:amd64.
Preparing to unpack .../libmpc3_1.0.1-1ubuntu1_amd64.deb ...
Unpacking libmpc3:amd64 (1.0.1-1ubuntu1) ...
Selecting previously unselected package binutils.
Preparing to unpack .../binutils_2.24-5ubuntu14.1_amd64.deb ...
Unpacking binutils (2.24-5ubuntu14.1) ...
Selecting previously unselected package cpp-4.8.
Preparing to unpack .../cpp-4.8_4.8.4-2ubuntu1~14.04.3_amd64.deb ...
Unpacking cpp-4.8 (4.8.4-2ubuntu1~14.04.3) ...
Selecting previously unselected package cpp.
Preparing to unpack .../cpp_4%3a4.8.2-1ubuntu6_amd64.deb ...
Unpacking cpp (4:4.8.2-1ubuntu6) ...
Selecting previously unselected package libgcc-4.8-dev:amd64.
Preparing to unpack .../libgcc-4.8-dev_4.8.4-2ubuntu1~14.04.3_amd64.deb ...
Unpacking libgcc-4.8-dev:amd64 (4.8.4-2ubuntu1~14.04.3) ...
Selecting previously unselected package gcc-4.8.
Preparing to unpack .../gcc-4.8_4.8.4-2ubuntu1~14.04.3_amd64.deb ...
Unpacking gcc-4.8 (4.8.4-2ubuntu1~14.04.3) ...
Selecting previously unselected package gcc.
Preparing to unpack .../gcc_4%3a4.8.2-1ubuntu6_amd64.deb ...
Unpacking gcc (4:4.8.2-1ubuntu6) ...
Selecting previously unselected package libstdc++-4.8-dev:amd64.
Preparing to unpack .../libstdc++-4.8-dev_4.8.4-2ubuntu1~14.04.3_amd64.deb ...
Unpacking libstdc++-4.8-dev:amd64 (4.8.4-2ubuntu1~14.04.3) ...
Selecting previously unselected package g++-4.8.
Preparing to unpack .../g++-4.8_4.8.4-2ubuntu1~14.04.3_amd64.deb ...
Unpacking g++-4.8 (4.8.4-2ubuntu1~14.04.3) ...
Selecting previously unselected package g++.
Preparing to unpack .../g++_4%3a4.8.2-1ubuntu6_amd64.deb ...
Unpacking g++ (4:4.8.2-1ubuntu6) ...
Selecting previously unselected package make.
Preparing to unpack .../make_3.81-8.2ubuntu3_amd64.deb ...
Unpacking make (3.81-8.2ubuntu3) ...
Selecting previously unselected package libdpkg-perl.
Preparing to unpack .../libdpkg-perl_1.17.5ubuntu5.7_all.deb ...
Unpacking libdpkg-perl (1.17.5ubuntu5.7) ...
Selecting previously unselected package dpkg-dev.
Preparing to unpack .../dpkg-dev_1.17.5ubuntu5.7_all.deb ...
Unpacking dpkg-dev (1.17.5ubuntu5.7) ...
Selecting previously unselected package build-essential.
Preparing to unpack .../build-essential_11.6ubuntu6_amd64.deb ...
Unpacking build-essential (11.6ubuntu6) ...
Selecting previously unselected package libfakeroot:amd64.
Preparing to unpack .../libfakeroot_1.20-3ubuntu2_amd64.deb ...
Unpacking libfakeroot:amd64 (1.20-3ubuntu2) ...
Selecting previously unselected package fakeroot.
Preparing to unpack .../fakeroot_1.20-3ubuntu2_amd64.deb ...
Unpacking fakeroot (1.20-3ubuntu2) ...
Selecting previously unselected package liberror-perl.
Preparing to unpack .../liberror-perl_0.17-1.1_all.deb ...
Unpacking liberror-perl (0.17-1.1) ...
Selecting previously unselected package git-man.
Preparing to unpack .../git-man_1%3a1.9.1-1ubuntu0.3_all.deb ...
Unpacking git-man (1:1.9.1-1ubuntu0.3) ...
Selecting previously unselected package git.
Preparing to unpack .../git_1%3a1.9.1-1ubuntu0.3_amd64.deb ...
Unpacking git (1:1.9.1-1ubuntu0.3) ...
Selecting previously unselected package comerr-dev.
Preparing to unpack .../comerr-dev_2.1-1.42.9-3ubuntu1.3_amd64.deb ...
Unpacking comerr-dev (2.1-1.42.9-3ubuntu1.3) ...
Selecting previously unselected package krb5-multidev.
Preparing to unpack .../krb5-multidev_1.12+dfsg-2ubuntu5.2_amd64.deb ...
Unpacking krb5-multidev (1.12+dfsg-2ubuntu5.2) ...
Selecting previously unselected package libalgorithm-diff-perl.
Preparing to unpack .../libalgorithm-diff-perl_1.19.02-3_all.deb ...
Unpacking libalgorithm-diff-perl (1.19.02-3) ...
Selecting previously unselected package libalgorithm-diff-xs-perl.
Preparing to unpack .../libalgorithm-diff-xs-perl_0.04-2build4_amd64.deb ...
Unpacking libalgorithm-diff-xs-perl (0.04-2build4) ...
Selecting previously unselected package libalgorithm-merge-perl.
Preparing to unpack .../libalgorithm-merge-perl_0.08-2_all.deb ...
Unpacking libalgorithm-merge-perl (0.08-2) ...
Selecting previously unselected package libfile-fcntllock-perl.
Preparing to unpack .../libfile-fcntllock-perl_0.14-2build1_amd64.deb ...
Unpacking libfile-fcntllock-perl (0.14-2build1) ...
Selecting previously unselected package libossp-uuid16.
Preparing to unpack .../libossp-uuid16_1.6.2-1.3ubuntu1_amd64.deb ...
Unpacking libossp-uuid16 (1.6.2-1.3ubuntu1) ...
Selecting previously unselected package libpq5.
Preparing to unpack .../libpq5_9.3.14-0ubuntu0.14.04_amd64.deb ...
Unpacking libpq5 (9.3.14-0ubuntu0.14.04) ...
Selecting previously unselected package zlib1g-dev:amd64.
Preparing to unpack .../zlib1g-dev_1%3a1.2.8.dfsg-1ubuntu1_amd64.deb ...
Unpacking zlib1g-dev:amd64 (1:1.2.8.dfsg-1ubuntu1) ...
Selecting previously unselected package libssl-dev:amd64.
Preparing to unpack .../libssl-dev_1.0.1f-1ubuntu2.21_amd64.deb ...
Unpacking libssl-dev:amd64 (1.0.1f-1ubuntu2.21) ...
Selecting previously unselected package libpq-dev.
Preparing to unpack .../libpq-dev_9.3.14-0ubuntu0.14.04_amd64.deb ...
Unpacking libpq-dev (9.3.14-0ubuntu0.14.04) ...
Selecting previously unselected package libpython-dev:amd64.
Preparing to unpack .../libpython-dev_2.7.5-5ubuntu3_amd64.deb ...
Unpacking libpython-dev:amd64 (2.7.5-5ubuntu3) ...
Selecting previously unselected package libssl-doc.
Preparing to unpack .../libssl-doc_1.0.1f-1ubuntu2.21_all.deb ...
Unpacking libssl-doc (1.0.1f-1ubuntu2.21) ...
Selecting previously unselected package manpages-dev.
Preparing to unpack .../manpages-dev_3.54-1ubuntu1_all.deb ...
Unpacking manpages-dev (3.54-1ubuntu1) ...
Selecting previously unselected package nginx-common.
Preparing to unpack .../nginx-common_1.4.6-1ubuntu3.5_all.deb ...
Unpacking nginx-common (1.4.6-1ubuntu3.5) ...
Selecting previously unselected package nginx-core.
Preparing to unpack .../nginx-core_1.4.6-1ubuntu3.5_amd64.deb ...
Unpacking nginx-core (1.4.6-1ubuntu3.5) ...
Selecting previously unselected package nginx.
Preparing to unpack .../nginx_1.4.6-1ubuntu3.5_all.deb ...
Unpacking nginx (1.4.6-1ubuntu3.5) ...
Selecting previously unselected package postgresql-client-common.
Preparing to unpack .../postgresql-client-common_154ubuntu1_all.deb ...
Unpacking postgresql-client-common (154ubuntu1) ...
Selecting previously unselected package postgresql-client-9.3.
Preparing to unpack .../postgresql-client-9.3_9.3.14-0ubuntu0.14.04_amd64.deb ...
Unpacking postgresql-client-9.3 (9.3.14-0ubuntu0.14.04) ...
Selecting previously unselected package ssl-cert.
Preparing to unpack .../ssl-cert_1.0.33_all.deb ...
Unpacking ssl-cert (1.0.33) ...
Selecting previously unselected package postgresql-common.
Preparing to unpack .../postgresql-common_154ubuntu1_all.deb ...
Adding 'diversion of /usr/bin/pg_config to /usr/bin/pg_config.libpq-dev by postgresql-common'
Unpacking postgresql-common (154ubuntu1) ...
Selecting previously unselected package postgresql-9.3.
Preparing to unpack .../postgresql-9.3_9.3.14-0ubuntu0.14.04_amd64.deb ...
Unpacking postgresql-9.3 (9.3.14-0ubuntu0.14.04) ...
Selecting previously unselected package postgresql.
Preparing to unpack .../postgresql_9.3+154ubuntu1_all.deb ...
Unpacking postgresql (9.3+154ubuntu1) ...
Selecting previously unselected package postgresql-contrib-9.3.
Preparing to unpack .../postgresql-contrib-9.3_9.3.14-0ubuntu0.14.04_amd64.deb ...
Unpacking postgresql-contrib-9.3 (9.3.14-0ubuntu0.14.04) ...
Selecting previously unselected package postgresql-contrib.
Preparing to unpack .../postgresql-contrib_9.3+154ubuntu1_all.deb ...
Unpacking postgresql-contrib (9.3+154ubuntu1) ...
Selecting previously unselected package python3-pkg-resources.
Preparing to unpack .../python3-pkg-resources_3.3-1ubuntu2_all.deb ...
Unpacking python3-pkg-resources (3.3-1ubuntu2) ...
Selecting previously unselected package python-chardet-whl.
Preparing to unpack .../python-chardet-whl_2.2.1-2~ubuntu1_all.deb ...
Unpacking python-chardet-whl (2.2.1-2~ubuntu1) ...
Selecting previously unselected package python-colorama.
Preparing to unpack .../python-colorama_0.2.5-0.1ubuntu2_all.deb ...
Unpacking python-colorama (0.2.5-0.1ubuntu2) ...
Selecting previously unselected package python-colorama-whl.
Preparing to unpack .../python-colorama-whl_0.2.5-0.1ubuntu2_all.deb ...
Unpacking python-colorama-whl (0.2.5-0.1ubuntu2) ...
Selecting previously unselected package python2.7-dev.
Preparing to unpack .../python2.7-dev_2.7.6-8ubuntu0.2_amd64.deb ...
Unpacking python2.7-dev (2.7.6-8ubuntu0.2) ...
Selecting previously unselected package python-dev.
Preparing to unpack .../python-dev_2.7.5-5ubuntu3_amd64.deb ...
Unpacking python-dev (2.7.5-5ubuntu3) ...
Selecting previously unselected package python-distlib.
Preparing to unpack .../python-distlib_0.1.8-1ubuntu1_all.deb ...
Unpacking python-distlib (0.1.8-1ubuntu1) ...
Selecting previously unselected package python-distlib-whl.
Preparing to unpack .../python-distlib-whl_0.1.8-1ubuntu1_all.deb ...
Unpacking python-distlib-whl (0.1.8-1ubuntu1) ...
Selecting previously unselected package python-html5lib.
Preparing to unpack .../python-html5lib_0.999-3~ubuntu1_all.deb ...
Unpacking python-html5lib (0.999-3~ubuntu1) ...
Selecting previously unselected package python-html5lib-whl.
Preparing to unpack .../python-html5lib-whl_0.999-3~ubuntu1_all.deb ...
Unpacking python-html5lib-whl (0.999-3~ubuntu1) ...
Selecting previously unselected package python-six-whl.
Preparing to unpack .../python-six-whl_1.5.2-1ubuntu1_all.deb ...
Unpacking python-six-whl (1.5.2-1ubuntu1) ...
Selecting previously unselected package python-urllib3-whl.
Preparing to unpack .../python-urllib3-whl_1.7.1-1ubuntu4_all.deb ...
Unpacking python-urllib3-whl (1.7.1-1ubuntu4) ...
Selecting previously unselected package python-requests-whl.
Preparing to unpack .../python-requests-whl_2.2.1-1ubuntu0.3_all.deb ...
Unpacking python-requests-whl (2.2.1-1ubuntu0.3) ...
Selecting previously unselected package python-setuptools-whl.
Preparing to unpack .../python-setuptools-whl_3.3-1ubuntu2_all.deb ...
Unpacking python-setuptools-whl (3.3-1ubuntu2) ...
Selecting previously unselected package python-pip-whl.
Preparing to unpack .../python-pip-whl_1.5.4-1ubuntu4_all.deb ...
Unpacking python-pip-whl (1.5.4-1ubuntu4) ...
Selecting previously unselected package python-setuptools.
Preparing to unpack .../python-setuptools_3.3-1ubuntu2_all.deb ...
Unpacking python-setuptools (3.3-1ubuntu2) ...
Selecting previously unselected package python-pip.
Preparing to unpack .../python-pip_1.5.4-1ubuntu4_all.deb ...
Unpacking python-pip (1.5.4-1ubuntu4) ...
Selecting previously unselected package python-wheel.
Preparing to unpack .../python-wheel_0.24.0-1~ubuntu1_all.deb ...
Unpacking python-wheel (0.24.0-1~ubuntu1) ...
Processing triggers for man-db (2.6.7.1-1ubuntu1) ...
Processing triggers for install-info (5.2.0.dfsg.1-2) ...
Processing triggers for ureadahead (0.100.0-16) ...
Processing triggers for ufw (0.34~rc-0ubuntu2) ...
Setting up libssl1.0.0:amd64 (1.0.1f-1ubuntu2.21) ...
Setting up libasan0:amd64 (4.8.4-2ubuntu1~14.04.3) ...
Setting up libatomic1:amd64 (4.8.4-2ubuntu1~14.04.3) ...
Setting up libgmp10:amd64 (2:5.1.3+dfsg-1ubuntu1) ...
Setting up libisl10:amd64 (0.12.2-1) ...
Setting up libcloog-isl4:amd64 (0.18.2-1) ...
Setting up fonts-dejavu-core (2.34-1ubuntu1) ...
Setting up fontconfig-config (2.11.0-0ubuntu4.2) ...
Setting up libfontconfig1:amd64 (2.11.0-0ubuntu4.2) ...
Setting up libjpeg-turbo8:amd64 (1.3.0-0ubuntu2) ...
Setting up libjpeg8:amd64 (8c-2ubuntu8) ...
Setting up libjbig0:amd64 (2.0-2ubuntu4.1) ...
Setting up libtiff5:amd64 (4.0.3-7ubuntu0.4) ...
Setting up libvpx1:amd64 (1.3.0-2) ...
Setting up libxpm4:amd64 (1:3.5.10-1) ...
Setting up libgd3:amd64 (2.1.0-3ubuntu0.3) ...
Setting up libgomp1:amd64 (4.8.4-2ubuntu1~14.04.3) ...
Setting up libgssrpc4:amd64 (1.12+dfsg-2ubuntu5.2) ...
Setting up libitm1:amd64 (4.8.4-2ubuntu1~14.04.3) ...
Setting up libkadm5clnt-mit9:amd64 (1.12+dfsg-2ubuntu5.2) ...
Setting up libkdb5-7:amd64 (1.12+dfsg-2ubuntu5.2) ...
Setting up libkadm5srv-mit9:amd64 (1.12+dfsg-2ubuntu5.2) ...
Setting up libmpfr4:amd64 (3.1.2-1) ...
Setting up libc-dev-bin (2.19-0ubuntu6.9) ...
Setting up linux-libc-dev:amd64 (3.13.0-96.143) ...
Setting up libc6-dev:amd64 (2.19-0ubuntu6.9) ...
Setting up libexpat1-dev:amd64 (2.1.0-4ubuntu1.3) ...
Setting up libpython2.7-dev:amd64 (2.7.6-8ubuntu0.2) ...
Setting up libquadmath0:amd64 (4.8.4-2ubuntu1~14.04.3) ...
Setting up libtsan0:amd64 (4.8.4-2ubuntu1~14.04.3) ...
Setting up libxslt1.1:amd64 (1.1.28-2build1) ...
Setting up libmpc3:amd64 (1.0.1-1ubuntu1) ...
Setting up binutils (2.24-5ubuntu14.1) ...
Setting up cpp-4.8 (4.8.4-2ubuntu1~14.04.3) ...
Setting up cpp (4:4.8.2-1ubuntu6) ...
Setting up libgcc-4.8-dev:amd64 (4.8.4-2ubuntu1~14.04.3) ...
Setting up gcc-4.8 (4.8.4-2ubuntu1~14.04.3) ...
Setting up gcc (4:4.8.2-1ubuntu6) ...
Setting up libstdc++-4.8-dev:amd64 (4.8.4-2ubuntu1~14.04.3) ...
Setting up g++-4.8 (4.8.4-2ubuntu1~14.04.3) ...
Setting up g++ (4:4.8.2-1ubuntu6) ...
update-alternatives: using /usr/bin/g++ to provide /usr/bin/c++ (c++) in auto mode
Setting up make (3.81-8.2ubuntu3) ...
Setting up libdpkg-perl (1.17.5ubuntu5.7) ...
Setting up dpkg-dev (1.17.5ubuntu5.7) ...
Setting up build-essential (11.6ubuntu6) ...
Setting up libfakeroot:amd64 (1.20-3ubuntu2) ...
Setting up fakeroot (1.20-3ubuntu2) ...
update-alternatives: using /usr/bin/fakeroot-sysv to provide /usr/bin/fakeroot (fakeroot) in auto mode
Setting up liberror-perl (0.17-1.1) ...
Setting up git-man (1:1.9.1-1ubuntu0.3) ...
Setting up git (1:1.9.1-1ubuntu0.3) ...
Setting up comerr-dev (2.1-1.42.9-3ubuntu1.3) ...
Setting up krb5-multidev (1.12+dfsg-2ubuntu5.2) ...
Setting up libalgorithm-diff-perl (1.19.02-3) ...
Setting up libalgorithm-diff-xs-perl (0.04-2build4) ...
Setting up libalgorithm-merge-perl (0.08-2) ...
Setting up libfile-fcntllock-perl (0.14-2build1) ...
Setting up libossp-uuid16 (1.6.2-1.3ubuntu1) ...
Setting up libpq5 (9.3.14-0ubuntu0.14.04) ...
Setting up zlib1g-dev:amd64 (1:1.2.8.dfsg-1ubuntu1) ...
Setting up libssl-dev:amd64 (1.0.1f-1ubuntu2.21) ...
Setting up libpq-dev (9.3.14-0ubuntu0.14.04) ...
Setting up libpython-dev:amd64 (2.7.5-5ubuntu3) ...
Setting up libssl-doc (1.0.1f-1ubuntu2.21) ...
Setting up manpages-dev (3.54-1ubuntu1) ...
Setting up nginx-common (1.4.6-1ubuntu3.5) ...
Setting up postgresql-client-common (154ubuntu1) ...
Setting up postgresql-client-9.3 (9.3.14-0ubuntu0.14.04) ...
update-alternatives: using /usr/share/postgresql/9.3/man/man1/psql.1.gz to provide /usr/share/man/man1/psql.1.gz (psql.1.gz) in auto mode
Setting up ssl-cert (1.0.33) ...
Setting up postgresql-common (154ubuntu1) ...
Adding user postgres to group ssl-cert

Creating config file /etc/logrotate.d/postgresql-common with new version
Building PostgreSQL dictionaries from installed myspell/hunspell packages...
Removing obsolete dictionary files:
 * No PostgreSQL clusters exist; see "man pg_createcluster"
Setting up python3-pkg-resources (3.3-1ubuntu2) ...
Setting up python-chardet-whl (2.2.1-2~ubuntu1) ...
Setting up python-colorama (0.2.5-0.1ubuntu2) ...
Setting up python-colorama-whl (0.2.5-0.1ubuntu2) ...
Setting up python2.7-dev (2.7.6-8ubuntu0.2) ...
Setting up python-dev (2.7.5-5ubuntu3) ...
Setting up python-distlib (0.1.8-1ubuntu1) ...
Setting up python-distlib-whl (0.1.8-1ubuntu1) ...
Setting up python-html5lib (0.999-3~ubuntu1) ...
Setting up python-html5lib-whl (0.999-3~ubuntu1) ...
Setting up python-six-whl (1.5.2-1ubuntu1) ...
Setting up python-urllib3-whl (1.7.1-1ubuntu4) ...
Setting up python-requests-whl (2.2.1-1ubuntu0.3) ...
Setting up python-setuptools-whl (3.3-1ubuntu2) ...
Setting up python-pip-whl (1.5.4-1ubuntu4) ...
Setting up python-setuptools (3.3-1ubuntu2) ...
Setting up python-pip (1.5.4-1ubuntu4) ...
Setting up python-wheel (0.24.0-1~ubuntu1) ...
Processing triggers for ureadahead (0.100.0-16) ...
Setting up postgresql-9.3 (9.3.14-0ubuntu0.14.04) ...
Creating new cluster 9.3/main ...
  config /etc/postgresql/9.3/main
  data   /var/lib/postgresql/9.3/main
  locale en_US.UTF-8
  port   5432
update-alternatives: using /usr/share/postgresql/9.3/man/man1/postmaster.1.gz to provide /usr/share/man/man1/postmaster.1.gz (postmaster.1.gz) in auto mode
 * Starting PostgreSQL 9.3 database server                               [ OK ]
Setting up postgresql (9.3+154ubuntu1) ...
Setting up postgresql-contrib-9.3 (9.3.14-0ubuntu0.14.04) ...
Setting up postgresql-contrib (9.3+154ubuntu1) ...
Processing triggers for ufw (0.34~rc-0ubuntu2) ...
Setting up nginx-core (1.4.6-1ubuntu3.5) ...
Setting up nginx (1.4.6-1ubuntu3.5) ...
Processing triggers for libc-bin (2.19-0ubuntu6.9) ...
ubuntu@ip-172-31-18-211:~$ sudo apt-get update
Ign http://us-west-2.ec2.archive.ubuntu.com trusty InRelease
Hit http://us-west-2.ec2.archive.ubuntu.com trusty-updates InRelease
Hit http://us-west-2.ec2.archive.ubuntu.com trusty-backports InRelease
Hit http://us-west-2.ec2.archive.ubuntu.com trusty Release.gpg
Hit http://us-west-2.ec2.archive.ubuntu.com trusty Release
Hit http://us-west-2.ec2.archive.ubuntu.com trusty-updates/main Sources
Hit http://us-west-2.ec2.archive.ubuntu.com trusty-updates/restricted Sources
Hit http://us-west-2.ec2.archive.ubuntu.com trusty-updates/universe Sources
Hit http://us-west-2.ec2.archive.ubuntu.com trusty-updates/multiverse Sources
Hit http://us-west-2.ec2.archive.ubuntu.com trusty-updates/main amd64 Packages
Hit http://us-west-2.ec2.archive.ubuntu.com trusty-updates/restricted amd64 Packages
Hit http://us-west-2.ec2.archive.ubuntu.com trusty-updates/universe amd64 Packages
Hit http://us-west-2.ec2.archive.ubuntu.com trusty-updates/multiverse amd64 Packages
Hit http://us-west-2.ec2.archive.ubuntu.com trusty-updates/main Translation-en
Hit http://us-west-2.ec2.archive.ubuntu.com trusty-updates/multiverse Translation-en
Hit http://us-west-2.ec2.archive.ubuntu.com trusty-updates/restricted Translation-en
Hit http://us-west-2.ec2.archive.ubuntu.com trusty-updates/universe Translation-en
Hit http://us-west-2.ec2.archive.ubuntu.com trusty-backports/main Sources
Hit http://us-west-2.ec2.archive.ubuntu.com trusty-backports/restricted Sources
Hit http://us-west-2.ec2.archive.ubuntu.com trusty-backports/universe Sources
Hit http://us-west-2.ec2.archive.ubuntu.com trusty-backports/multiverse Sources
Hit http://us-west-2.ec2.archive.ubuntu.com trusty-backports/main amd64 Packages
Hit http://us-west-2.ec2.archive.ubuntu.com trusty-backports/restricted amd64 Packages
Hit http://us-west-2.ec2.archive.ubuntu.com trusty-backports/universe amd64 Packages
Hit http://us-west-2.ec2.archive.ubuntu.com trusty-backports/multiverse amd64 Packages
Hit http://us-west-2.ec2.archive.ubuntu.com trusty-backports/main Translation-en
Hit http://us-west-2.ec2.archive.ubuntu.com trusty-backports/multiverse Translation-en
Hit http://us-west-2.ec2.archive.ubuntu.com trusty-backports/restricted Translation-en
Hit http://us-west-2.ec2.archive.ubuntu.com trusty-backports/universe Translation-en
Hit http://us-west-2.ec2.archive.ubuntu.com trusty/main Sources
Hit http://us-west-2.ec2.archive.ubuntu.com trusty/restricted Sources
Hit http://us-west-2.ec2.archive.ubuntu.com trusty/universe Sources
Hit http://us-west-2.ec2.archive.ubuntu.com trusty/multiverse Sources
Hit http://us-west-2.ec2.archive.ubuntu.com trusty/main amd64 Packages
Hit http://us-west-2.ec2.archive.ubuntu.com trusty/restricted amd64 Packages
Hit http://us-west-2.ec2.archive.ubuntu.com trusty/universe amd64 Packages
Hit http://us-west-2.ec2.archive.ubuntu.com trusty/multiverse amd64 Packages
Hit http://us-west-2.ec2.archive.ubuntu.com trusty/main Translation-en
Hit http://us-west-2.ec2.archive.ubuntu.com trusty/multiverse Translation-en
Hit http://us-west-2.ec2.archive.ubuntu.com trusty/restricted Translation-en
Hit http://us-west-2.ec2.archive.ubuntu.com trusty/universe Translation-en
Ign http://us-west-2.ec2.archive.ubuntu.com trusty/main Translation-en_US
Ign http://us-west-2.ec2.archive.ubuntu.com trusty/multiverse Translation-en_US
Ign http://us-west-2.ec2.archive.ubuntu.com trusty/restricted Translation-en_US
Ign http://us-west-2.ec2.archive.ubuntu.com trusty/universe Translation-en_US
Hit http://security.ubuntu.com trusty-security InRelease
Hit http://security.ubuntu.com trusty-security/main Sources
Hit http://security.ubuntu.com trusty-security/universe Sources
Hit http://security.ubuntu.com trusty-security/main amd64 Packages
Hit http://security.ubuntu.com trusty-security/universe amd64 Packages
Hit http://security.ubuntu.com trusty-security/main Translation-en
Hit http://security.ubuntu.com trusty-security/universe Translation-en
Reading package lists... Done
ubuntu@ip-172-31-18-211:~$ sudo pip install virtualenv
Downloading/unpacking virtualenv
  Downloading virtualenv-15.0.3-py2.py3-none-any.whl (3.5MB): 3.5MB downloaded
Installing collected packages: virtualenv
Successfully installed virtualenv
Cleaning up...
ubuntu@ip-172-31-18-211:~$ git clone https://github.com/MelissaEHong/deployment.git
Cloning into 'deployment'...
remote: Counting objects: 44, done.
remote: Compressing objects: 100% (37/37), done.
remote: Total 44 (delta 6), reused 42 (delta 4), pack-reused 0
Unpacking objects: 100% (44/44), done.
Checking connectivity... done.
ubuntu@ip-172-31-18-211:~$ cd deployment
ubuntu@ip-172-31-18-211:~/deployment$ ls
apps  db.sqlite3  manage.py  requirements.txt  travelingbuddy
ubuntu@ip-172-31-18-211:~/deployment$ virtualenv venv
New python executable in /home/ubuntu/deployment/venv/bin/python
Installing setuptools, pip, wheel...done.
ubuntu@ip-172-31-18-211:~/deployment$ source venv/bin/activate
(venv) ubuntu@ip-172-31-18-211:~/deployment$ pip install django bcrypt django-extensions
Collecting django
/home/ubuntu/deployment/venv/local/lib/python2.7/site-packages/pip/_vendor/requests/packages/urllib3/util/ssl_.py:318: SNIMissingWarning: An HTTPS request has been made, but the SNI (Subject Name Indication) extension to TLS is not available on this platform. This may cause the server to present an incorrect TLS certificate, which can cause validation failures. You can upgrade to a newer version of Python to solve this. For more information, see https://urllib3.readthedocs.org/en/latest/security.html#snimissingwarning.
  SNIMissingWarning
/home/ubuntu/deployment/venv/local/lib/python2.7/site-packages/pip/_vendor/requests/packages/urllib3/util/ssl_.py:122: InsecurePlatformWarning: A true SSLContext object is not available. This prevents urllib3 from configuring SSL appropriately and may cause certain SSL connections to fail. You can upgrade to a newer version of Python to solve this. For more information, see https://urllib3.readthedocs.org/en/latest/security.html#insecureplatformwarning.
  InsecurePlatformWarning
  Downloading Django-1.10.2-py2.py3-none-any.whl (6.8MB)
    100% || 6.8MB 212kB/s
Collecting bcrypt
  Downloading bcrypt-3.1.1-cp27-cp27mu-manylinux1_x86_64.whl (56kB)
    100% || 61kB 11.1MB/s
Collecting django-extensions
  Downloading django_extensions-1.7.4-py2.py3-none-any.whl (200kB)
    100% || 204kB 6.7MB/s
Collecting cffi>=1.1 (from bcrypt)
  Downloading cffi-1.8.3-cp27-cp27mu-manylinux1_x86_64.whl (386kB)
    100% || 389kB 2.8MB/s
Collecting six>=1.4.1 (from bcrypt)
  Downloading six-1.10.0-py2.py3-none-any.whl
Collecting pycparser (from cffi>=1.1->bcrypt)
  Downloading pycparser-2.14.tar.gz (223kB)
    100% || 225kB 5.8MB/s
Building wheels for collected packages: pycparser
  Running setup.py bdist_wheel for pycparser ... done
  Stored in directory: /home/ubuntu/.cache/pip/wheels/9b/f4/2e/d03e949a551719a1ffcb659f2c63d8444f4df12e994ce52112
Successfully built pycparser
Installing collected packages: django, pycparser, cffi, six, bcrypt, django-extensions
Successfully installed bcrypt-3.1.1 cffi-1.8.3 django-1.10.2 django-extensions-1.7.4 pycparser-2.14 six-1.10.0
(venv) ubuntu@ip-172-31-18-211:~/deployment$ pip install gunicorn
Collecting gunicorn
/home/ubuntu/deployment/venv/local/lib/python2.7/site-packages/pip/_vendor/requests/packages/urllib3/util/ssl_.py:318: SNIMissingWarning: An HTTPS request has been made, but the SNI (Subject Name Indication) extension to TLS is not available on this platform. This may cause the server to present an incorrect TLS certificate, which can cause validation failures. You can upgrade to a newer version of Python to solve this. For more information, see https://urllib3.readthedocs.org/en/latest/security.html#snimissingwarning.
  SNIMissingWarning
/home/ubuntu/deployment/venv/local/lib/python2.7/site-packages/pip/_vendor/requests/packages/urllib3/util/ssl_.py:122: InsecurePlatformWarning: A true SSLContext object is not available. This prevents urllib3 from configuring SSL appropriately and may cause certain SSL connections to fail. You can upgrade to a newer version of Python to solve this. For more information, see https://urllib3.readthedocs.org/en/latest/security.html#insecureplatformwarning.
  InsecurePlatformWarning
  Downloading gunicorn-19.6.0-py2.py3-none-any.whl (114kB)
    100% || 122kB 5.4MB/s
Installing collected packages: gunicorn
Successfully installed gunicorn-19.6.0
(venv) ubuntu@ip-172-31-18-211:~/deployment$ pip install psycopg2
Collecting psycopg2
/home/ubuntu/deployment/venv/local/lib/python2.7/site-packages/pip/_vendor/requests/packages/urllib3/util/ssl_.py:318: SNIMissingWarning: An HTTPS request has been made, but the SNI (Subject Name Indication) extension to TLS is not available on this platform. This may cause the server to present an incorrect TLS certificate, which can cause validation failures. You can upgrade to a newer version of Python to solve this. For more information, see https://urllib3.readthedocs.org/en/latest/security.html#snimissingwarning.
  SNIMissingWarning
/home/ubuntu/deployment/venv/local/lib/python2.7/site-packages/pip/_vendor/requests/packages/urllib3/util/ssl_.py:122: InsecurePlatformWarning: A true SSLContext object is not available. This prevents urllib3 from configuring SSL appropriately and may cause certain SSL connections to fail. You can upgrade to a newer version of Python to solve this. For more information, see https://urllib3.readthedocs.org/en/latest/security.html#insecureplatformwarning.
  InsecurePlatformWarning
  Downloading psycopg2-2.6.2.tar.gz (376kB)
    100% || 378kB 3.3MB/s
Building wheels for collected packages: psycopg2
  Running setup.py bdist_wheel for psycopg2 ... done
  Stored in directory: /home/ubuntu/.cache/pip/wheels/49/47/2a/5c3f874990ce267228c2dfe7a0589f3b0651aa590e329ad382
Successfully built psycopg2
Installing collected packages: psycopg2
Successfully installed psycopg2-2.6.2
(venv) ubuntu@ip-172-31-18-211:~/deployment$ ls
apps  db.sqlite3  manage.py  requirements.txt  travelingbuddy  venv
(venv) ubuntu@ip-172-31-18-211:~/deployment$ cd travelingbuddy
(venv) ubuntu@ip-172-31-18-211:~/deployment/travelingbuddy$ sudo nano settings.py
(venv) ubuntu@ip-172-31-18-211:~/deployment/travelingbuddy$ sudo su - postgres
postgres@ip-172-31-18-211:~$ psql
psql (9.3.14)
Type "help" for help.

postgres=# CREATE DATABASE database;
CREATE DATABASE
postgres=# CREATE USER user WITH PASSWORD 'qweqweqwe';
ERROR:  syntax error at or near "user"
LINE 1: CREATE USER user WITH PASSWORD 'qweqweqwe';
                    ^
postgres=# \q
postgres@ip-172-31-18-211:~$ exit
logout
(venv) ubuntu@ip-172-31-18-211:~/deployment/travelingbuddy$ sudo nano settings.py
(venv) ubuntu@ip-172-31-18-211:~/deployment/travelingbuddy$ sudo su - postgres
postgres@ip-172-31-18-211:~$ psql
psql (9.3.14)
Type "help" for help.

postgres=# CREATE DATABASE database;
ERROR:  database "database" already exists
postgres=# exit
postgres-# \q
postgres@ip-172-31-18-211:~$ exit
logout
(venv) ubuntu@ip-172-31-18-211:~/deployment/travelingbuddy$ sudo nano settings.py
(venv) ubuntu@ip-172-31-18-211:~/deployment/travelingbuddy$ sudo su - postgres
postgres@ip-172-31-18-211:~$ \q
q: command not found
postgres@ip-172-31-18-211:~$ exit
logout
(venv) ubuntu@ip-172-31-18-211:~/deployment/travelingbuddy$ \q
q: command not found
(venv) ubuntu@ip-172-31-18-211:~/deployment/travelingbuddy$ sudo nano settings.py
(venv) ubuntu@ip-172-31-18-211:~/deployment/travelingbuddy$ sudo su - postgres
postgres@ip-172-31-18-211:~$ psql
psql (9.3.14)
Type "help" for help.

postgres=# CREATE DATABASE db1;
CREATE DATABASE
postgres=# CREATE USER username1 WITH PASSWORD 'qweqweqwe';
CREATE ROLE
postgres=# GRANT ALL PRIVILEGES ON DATABASE db1 TO username1;
GRANT
postgres=# \q
postgres@ip-172-31-18-211:~$ exit
logout
(venv) ubuntu@ip-172-31-18-211:~/deployment/travelingbuddy$ ls
__init__.py   settings.py   urls.py   wsgi.py
__init__.pyc  settings.pyc  urls.pyc  wsgi.pyc
(venv) ubuntu@ip-172-31-18-211:~/deployment/travelingbuddy$ cd ..
(venv) ubuntu@ip-172-31-18-211:~/deployment$ ls
apps  db.sqlite3  manage.py  requirements.txt  travelingbuddy  venv
(venv) ubuntu@ip-172-31-18-211:~/deployment$ python manage.py collectstatic

You have requested to collect static files at the destination
location as specified in your settings:

    /home/ubuntu/deployment/static

This will overwrite existing files!
Are you sure you want to do this?

Type 'yes' to continue, or 'no' to cancel: yes
Copying '/home/ubuntu/deployment/venv/local/lib/python2.7/site-packages/django/contrib/admin/static/admin/img/inline-delete.svg'
Copying '/home/ubuntu/deployment/venv/local/lib/python2.7/site-packages/django/contrib/admin/static/admin/img/tooltag-arrowright.svg'
Copying '/home/ubuntu/deployment/venv/local/lib/python2.7/site-packages/django/contrib/admin/static/admin/img/icon-unknown-alt.svg'
Copying '/home/ubuntu/deployment/venv/local/lib/python2.7/site-packages/django/contrib/admin/static/admin/img/icon-calendar.svg'
Copying '/home/ubuntu/deployment/venv/local/lib/python2.7/site-packages/django/contrib/admin/static/admin/img/sorting-icons.svg'
Copying '/home/ubuntu/deployment/venv/local/lib/python2.7/site-packages/django/contrib/admin/static/admin/img/icon-addlink.svg'
Copying '/home/ubuntu/deployment/venv/local/lib/python2.7/site-packages/django/contrib/admin/static/admin/img/icon-unknown.svg'
Copying '/home/ubuntu/deployment/venv/local/lib/python2.7/site-packages/django/contrib/admin/static/admin/img/selector-icons.svg'
Copying '/home/ubuntu/deployment/venv/local/lib/python2.7/site-packages/django/contrib/admin/static/admin/img/LICENSE'
Copying '/home/ubuntu/deployment/venv/local/lib/python2.7/site-packages/django/contrib/admin/static/admin/img/icon-yes.svg'
Copying '/home/ubuntu/deployment/venv/local/lib/python2.7/site-packages/django/contrib/admin/static/admin/img/search.svg'
Copying '/home/ubuntu/deployment/venv/local/lib/python2.7/site-packages/django/contrib/admin/static/admin/img/icon-deletelink.svg'
Copying '/home/ubuntu/deployment/venv/local/lib/python2.7/site-packages/django/contrib/admin/static/admin/img/calendar-icons.svg'
Copying '/home/ubuntu/deployment/venv/local/lib/python2.7/site-packages/django/contrib/admin/static/admin/img/icon-no.svg'
Copying '/home/ubuntu/deployment/venv/local/lib/python2.7/site-packages/django/contrib/admin/static/admin/img/icon-alert.svg'
Copying '/home/ubuntu/deployment/venv/local/lib/python2.7/site-packages/django/contrib/admin/static/admin/img/icon-clock.svg'
Copying '/home/ubuntu/deployment/venv/local/lib/python2.7/site-packages/django/contrib/admin/static/admin/img/icon-changelink.svg'
Copying '/home/ubuntu/deployment/venv/local/lib/python2.7/site-packages/django/contrib/admin/static/admin/img/README.txt'
Copying '/home/ubuntu/deployment/venv/local/lib/python2.7/site-packages/django/contrib/admin/static/admin/img/tooltag-add.svg'
Copying '/home/ubuntu/deployment/venv/local/lib/python2.7/site-packages/django/contrib/admin/static/admin/img/gis/move_vertex_off.svg'
Copying '/home/ubuntu/deployment/venv/local/lib/python2.7/site-packages/django/contrib/admin/static/admin/img/gis/move_vertex_on.svg'
Copying '/home/ubuntu/deployment/venv/local/lib/python2.7/site-packages/django/contrib/admin/static/admin/js/prepopulate.min.js'
Copying '/home/ubuntu/deployment/venv/local/lib/python2.7/site-packages/django/contrib/admin/static/admin/js/actions.min.js'
Copying '/home/ubuntu/deployment/venv/local/lib/python2.7/site-packages/django/contrib/admin/static/admin/js/change_form.js'
Copying '/home/ubuntu/deployment/venv/local/lib/python2.7/site-packages/django/contrib/admin/static/admin/js/urlify.js'
Copying '/home/ubuntu/deployment/venv/local/lib/python2.7/site-packages/django/contrib/admin/static/admin/js/inlines.js'
Copying '/home/ubuntu/deployment/venv/local/lib/python2.7/site-packages/django/contrib/admin/static/admin/js/jquery.init.js'
Copying '/home/ubuntu/deployment/venv/local/lib/python2.7/site-packages/django/contrib/admin/static/admin/js/core.js'
Copying '/home/ubuntu/deployment/venv/local/lib/python2.7/site-packages/django/contrib/admin/static/admin/js/cancel.js'
Copying '/home/ubuntu/deployment/venv/local/lib/python2.7/site-packages/django/contrib/admin/static/admin/js/inlines.min.js'
Copying '/home/ubuntu/deployment/venv/local/lib/python2.7/site-packages/django/contrib/admin/static/admin/js/collapse.min.js'
Copying '/home/ubuntu/deployment/venv/local/lib/python2.7/site-packages/django/contrib/admin/static/admin/js/SelectBox.js'
Copying '/home/ubuntu/deployment/venv/local/lib/python2.7/site-packages/django/contrib/admin/static/admin/js/SelectFilter2.js'
Copying '/home/ubuntu/deployment/venv/local/lib/python2.7/site-packages/django/contrib/admin/static/admin/js/prepopulate_init.js'
Copying '/home/ubuntu/deployment/venv/local/lib/python2.7/site-packages/django/contrib/admin/static/admin/js/actions.js'
Copying '/home/ubuntu/deployment/venv/local/lib/python2.7/site-packages/django/contrib/admin/static/admin/js/timeparse.js'
Copying '/home/ubuntu/deployment/venv/local/lib/python2.7/site-packages/django/contrib/admin/static/admin/js/collapse.js'
Copying '/home/ubuntu/deployment/venv/local/lib/python2.7/site-packages/django/contrib/admin/static/admin/js/calendar.js'
Copying '/home/ubuntu/deployment/venv/local/lib/python2.7/site-packages/django/contrib/admin/static/admin/js/popup_response.js'
Copying '/home/ubuntu/deployment/venv/local/lib/python2.7/site-packages/django/contrib/admin/static/admin/js/prepopulate.js'
Copying '/home/ubuntu/deployment/venv/local/lib/python2.7/site-packages/django/contrib/admin/static/admin/js/vendor/xregexp/LICENSE-XREGEXP.txt'
Copying '/home/ubuntu/deployment/venv/local/lib/python2.7/site-packages/django/contrib/admin/static/admin/js/vendor/xregexp/xregexp.min.js'
Copying '/home/ubuntu/deployment/venv/local/lib/python2.7/site-packages/django/contrib/admin/static/admin/js/vendor/xregexp/xregexp.js'
Copying '/home/ubuntu/deployment/venv/local/lib/python2.7/site-packages/django/contrib/admin/static/admin/js/vendor/jquery/LICENSE-JQUERY.txt'
Copying '/home/ubuntu/deployment/venv/local/lib/python2.7/site-packages/django/contrib/admin/static/admin/js/vendor/jquery/jquery.min.js'
Copying '/home/ubuntu/deployment/venv/local/lib/python2.7/site-packages/django/contrib/admin/static/admin/js/vendor/jquery/jquery.js'
Copying '/home/ubuntu/deployment/venv/local/lib/python2.7/site-packages/django/contrib/admin/static/admin/js/admin/RelatedObjectLookups.js'
Copying '/home/ubuntu/deployment/venv/local/lib/python2.7/site-packages/django/contrib/admin/static/admin/js/admin/DateTimeShortcuts.js'
Copying '/home/ubuntu/deployment/venv/local/lib/python2.7/site-packages/django/contrib/admin/static/admin/css/widgets.css'
Copying '/home/ubuntu/deployment/venv/local/lib/python2.7/site-packages/django/contrib/admin/static/admin/css/fonts.css'
Copying '/home/ubuntu/deployment/venv/local/lib/python2.7/site-packages/django/contrib/admin/static/admin/css/base.css'
Copying '/home/ubuntu/deployment/venv/local/lib/python2.7/site-packages/django/contrib/admin/static/admin/css/forms.css'
Copying '/home/ubuntu/deployment/venv/local/lib/python2.7/site-packages/django/contrib/admin/static/admin/css/dashboard.css'
Copying '/home/ubuntu/deployment/venv/local/lib/python2.7/site-packages/django/contrib/admin/static/admin/css/login.css'
Copying '/home/ubuntu/deployment/venv/local/lib/python2.7/site-packages/django/contrib/admin/static/admin/css/rtl.css'
Copying '/home/ubuntu/deployment/venv/local/lib/python2.7/site-packages/django/contrib/admin/static/admin/css/changelists.css'
Copying '/home/ubuntu/deployment/venv/local/lib/python2.7/site-packages/django/contrib/admin/static/admin/fonts/Roboto-Light-webfont.woff'
Copying '/home/ubuntu/deployment/venv/local/lib/python2.7/site-packages/django/contrib/admin/static/admin/fonts/LICENSE.txt'
Copying '/home/ubuntu/deployment/venv/local/lib/python2.7/site-packages/django/contrib/admin/static/admin/fonts/Roboto-Regular-webfont.woff'
Copying '/home/ubuntu/deployment/venv/local/lib/python2.7/site-packages/django/contrib/admin/static/admin/fonts/Roboto-Bold-webfont.woff'
Copying '/home/ubuntu/deployment/venv/local/lib/python2.7/site-packages/django/contrib/admin/static/admin/fonts/README.txt'

61 static files copied to '/home/ubuntu/deployment/static'.
(venv) ubuntu@ip-172-31-18-211:~/deployment$ python manage.py makemigrations
No changes detected
(venv) ubuntu@ip-172-31-18-211:~/deployment$ python manage.py migrate
Operations to perform:
  Apply all migrations: admin, auth, contenttypes, sessions, travel_buddy_app
Running migrations:
  Applying contenttypes.0001_initial... OK
  Applying auth.0001_initial... OK
  Applying admin.0001_initial... OK
  Applying admin.0002_logentry_remove_auto_add... OK
  Applying contenttypes.0002_remove_content_type_name... OK
  Applying auth.0002_alter_permission_name_max_length... OK
  Applying auth.0003_alter_user_email_max_length... OK
  Applying auth.0004_alter_user_username_opts... OK
  Applying auth.0005_alter_user_last_login_null... OK
  Applying auth.0006_require_contenttypes_0002... OK
  Applying auth.0007_alter_validators_add_error_messages... OK
  Applying auth.0008_alter_user_username_max_length... OK
  Applying sessions.0001_initial... OK
  Applying travel_buddy_app.0001_initial... OK
(venv) ubuntu@ip-172-31-18-211:~/deployment$ gunicorn --bind 0.0.0.0:8000 travelingbuddy.wsgi:application
[2016-10-05 10:46:50 +0000] [10861] [INFO] Starting gunicorn 19.6.0
[2016-10-05 10:46:50 +0000] [10861] [INFO] Listening at: http://0.0.0.0:8000 (10861)
[2016-10-05 10:46:50 +0000] [10861] [INFO] Using worker: sync
[2016-10-05 10:46:50 +0000] [10866] [INFO] Booting worker with pid: 10866
^C[2016-10-05 10:46:55 +0000] [10861] [INFO] Handling signal: int
[2016-10-05 10:46:55 +0000] [10866] [INFO] Worker exiting (pid: 10866)
[2016-10-05 10:46:55 +0000] [10861] [INFO] Shutting down: Master
(venv) ubuntu@ip-172-31-18-211:~/deployment$ deactivate
ubuntu@ip-172-31-18-211:~/deployment$ cd ..
ubuntu@ip-172-31-18-211:~$ sudo nano /etc/init/gunicorn.conf
ubuntu@ip-172-31-18-211:~$ sudo service gunicorn start
gunicorn start/running, process 10881
ubuntu@ip-172-31-18-211:~$ sudo nano /etc/nginx/sites-available/travelingbuddy
ubuntu@ip-172-31-18-211:~$ sudo ln -s /etc/nginx/sites-available/{{projectName}} /etc/nginx/sites-enabled
ubuntu@ip-172-31-18-211:~$ sudo nginx -t
nginx: the configuration file /etc/nginx/nginx.conf syntax is ok
nginx: configuration file /etc/nginx/nginx.conf test is successful
ubuntu@ip-172-31-18-211:~$ sudo service nginx restart
 * Restarting nginx nginx                                                [ OK ]
ubuntu@ip-172-31-18-211:~$ cd deployment
ubuntu@ip-172-31-18-211:~/deployment$ source venv/bin/activate
(venv) ubuntu@ip-172-31-18-211:~/deployment$ gunicorn --bind 0.0.0.0:8000 projectName.wsgi:application
[2016-10-05 10:54:00 +0000] [10946] [INFO] Starting gunicorn 19.6.0
[2016-10-05 10:54:00 +0000] [10946] [INFO] Listening at: http://0.0.0.0:8000 (10946)
[2016-10-05 10:54:00 +0000] [10946] [INFO] Using worker: sync
[2016-10-05 10:54:00 +0000] [10951] [INFO] Booting worker with pid: 10951
[2016-10-05 10:54:00 +0000] [10951] [ERROR] Exception in worker process
Traceback (most recent call last):
  File "/home/ubuntu/deployment/venv/local/lib/python2.7/site-packages/gunicorn/arbiter.py", line 557, in spawn_worker
    worker.init_process()
  File "/home/ubuntu/deployment/venv/local/lib/python2.7/site-packages/gunicorn/workers/base.py", line 126, in init_process
    self.load_wsgi()
  File "/home/ubuntu/deployment/venv/local/lib/python2.7/site-packages/gunicorn/workers/base.py", line 136, in load_wsgi
    self.wsgi = self.app.wsgi()
  File "/home/ubuntu/deployment/venv/local/lib/python2.7/site-packages/gunicorn/app/base.py", line 67, in wsgi
    self.callable = self.load()
  File "/home/ubuntu/deployment/venv/local/lib/python2.7/site-packages/gunicorn/app/wsgiapp.py", line 65, in load
    return self.load_wsgiapp()
  File "/home/ubuntu/deployment/venv/local/lib/python2.7/site-packages/gunicorn/app/wsgiapp.py", line 52, in load_wsgiapp
    return util.import_app(self.app_uri)
  File "/home/ubuntu/deployment/venv/local/lib/python2.7/site-packages/gunicorn/util.py", line 357, in import_app
    __import__(module)
ImportError: No module named projectName.wsgi
[2016-10-05 10:54:00 +0000] [10951] [INFO] Worker exiting (pid: 10951)
[2016-10-05 10:54:00 +0000] [10946] [INFO] Shutting down: Master
[2016-10-05 10:54:00 +0000] [10946] [INFO] Reason: Worker failed to boot.
(venv) ubuntu@ip-172-31-18-211:~/deployment$ sudo nano /etc/init/gunicorn.conf
(venv) ubuntu@ip-172-31-18-211:~/deployment$ sudo service gunicorn start
start: Job is already running: gunicorn
(venv) ubuntu@ip-172-31-18-211:~/deployment$ sudo nano /etc/nginx/sites-available/travelingbuddy
(venv) ubuntu@ip-172-31-18-211:~/deployment$ sudo ln -s /etc/nginx/sites-available/{{projectName}} /etc/nginx/sites-enabled
ln: failed to create symbolic link /etc/nginx/sites-enabled/{{projectName}}: File exists
(venv) ubuntu@ip-172-31-18-211:~/deployment$ sudo nginx -t
nginx: the configuration file /etc/nginx/nginx.conf syntax is ok
nginx: configuration file /etc/nginx/nginx.conf test is successful
(venv) ubuntu@ip-172-31-18-211:~/deployment$ sudo service nginx restart
 * Restarting nginx nginx                                                [ OK ]
(venv) ubuntu@ip-172-31-18-211:~/deployment$ jo/online-python-aug-2016/MelissaHong/django
-bash: jo/online-python-aug-2016/MelissaHong/django: No such file or directory
(venv) ubuntu@ip-172-31-18-211:~/deployment$ (djangoEnv) Melissitapita:django melissa$ ls
-bash: syntax error near unexpected token `Melissitapita:django'
(venv) ubuntu@ip-172-31-18-211:~/deployment$ book_reviewsloginregistrationstartup.txt
elingbuddy/.git/
(djangoEnv) Melissitapita:travelingbuddy melissa$ git add .
(djangoEnv) Melissitapita:travelingbuddy melissa$ git commit -m 'my first commit'
[master 4f1a3df] my first commit
 1 file changed, 9 deletions(-)
 delete mode 100644 requirements.txt
(djangoEnv) Melissitapita:travelingbuddy melissa$ ls
apps		db.sqlite3	manage.py	travelingbuddy
(djangoEnv) Melissitapita:travelingbuddy melissa$ git remote add origin https://github.com/MelissaEHong/deployment.git
fatal: remote origin already exists.
(djangoEnv) Melissitapita:travelingbuddy melissa$ git remote rm origin
(djangoEnv) Melissitapita:travelingbuddy melissa$ git remote add origin https://github.com/MelissaEHong/deployment.git
(djangoEnv) Melissitapita:travelingbuddy melissa$ git push -u origin master
Counting objects: 2, done.
Delta compression using up to 4 threads.
Compressing objects: 100% (2/2), done.
Writing objects: 100% (2/2), 226 bytes | 0 bytes/s, done.
Total 2 (delta 1), reused 0 (delta 0)
remote: Resolving deltas: 100% (1/1), combook_reviewsloginregistrationstartup.txt: command not found
(venv) ubuntu@ip-172-31-18-211:~/deployment$ book_reviews.zipmainsurveyform
pleted with 1 local objects.
To https://github.com/MelissaEHong/deployment.git
   07ed57c..4f1a3df  master -> master
Branch master set up to track remote branch master from origin.
(djangoEnv) Melissitapita:travelingbuddy melissa$ pip freeze > requirements.txt
(djangoEnv) Melissitapita:travelingbuddy melissa$ git add .
(djangoEnv) Melissitapita:travelingbuddy melissa$ git status
On branch master
Your branch is up-to-date with 'origin/master'.
Changes to be committed:
  (use "git reset HEAD <file>..." to unstage)

	new file:   requirements.txt

Changes not staged for commit:
  (use "git add <file>..." to update what will be committed)
  (use "git checkout -- <file>..." to discard changes in working directory)

	modified:   requirements.txt

(djangoEnv) Melissitapita:travelingbuddy melissa$ git add .
(djangoEnv) Melissitapita:travelingbuddy melissa$ git commit -m 'add python dependencies'
[master 7f644f6] add python dependencies
 1 file changed, 9 insertions(+)
 create mode 100644 requirements.txt
(djangoEnv)book_reviews.zipmainsurveyform: command not found
(venv) ubuntu@ip-172-31-18-211:~/deployment$ coursesmain.zipsurveyform.zip
 Melissitapita:travelingbuddy melissa$ git push origin master
Counting objects: 3, done.
Delta compression using up to 4 threads.
Compressing objects: 100% (3/3), done.
Writing objects: 100% (3/3), 410 bytes | 0 bytes/s, done.
Total 3 (delta 1), reused 0 (delta 0)
remote: Resolving deltas: 100% (1/1), completed with 1 local objects.
To https://github.com/MelissaEHong/deployment.git
   4f1a3df..7f644f6  master -> master
(djangoEnv) Melissitapita:travelingbuddy melissa$ cd ../../../../..
(djangoEnv) Melissitapita:Desktop melissa$ chmod 400 launchkey.pem
(djangoEnv) Melissitapita:Desktop melissa$ ssh -i "launchkey.pem" ubuntu@ec2-52-36-197-243.us-west-2.compute.amazonaws.com
The authenticity of host 'ec2-52-36-197-243.us-west-2.compute.amazonaws.com (52.36.197.243)' can't be established.
ECDSA key fingerprint is SHA256:H/eF26VqLfe0VDnW2GldmAewVFInI7gjBNy9fjqQcbM.
Are you sure you want to continue connecting (yes/no)? yes
Warning: Permanently added 'ec2-52-36-197-243.us-west-2.compute.amazonaws.com,52.36.197.24coursesmain.zipsurveyform.zip: command not found
(venv) ubuntu@ip-172-31-18-211:~/deployment$ courses.zipninjagoldtestapp
3' (ECDSA) to the list of known hosts.
Welcome to Ubuntu 14.04.4 LTS (GNU/Linux 3.13.0-92-generic x86_64)

 * Documentation:  https://help.ubuntu.com/

  System information as of Wed Oct  5 10:31:17 UTC 2016

  System load: 0.0               Mecourses.zipninjagoldtestapp: command not found
(venv) ubuntu@ip-172-31-18-211:~/deployment$ djangofriendsninjagold 2.zipthewalldjangofriendsninjagold: command not found
(venv) ubuntu@ip-172-31-18-211:~/deployment$ emailvalidationsninjagold.zipthewall.zip
emailvalidationsninjagold.zipthewall.zip: command not found
(venv) ubuntu@ip-172-31-18-211:~/deployment$ emailvalidations 2.zipninjastravel_buddy
emailvalidations: command not found
(venv) ubuntu@ip-172-31-18-211:~/deployment$ emailvalidations.zipninjas.ziptravel_buddy.zip
emailvalidations.zipninjas.ziptravel_buddy.zip: command not found
(venv) ubuntu@ip-172-31-18-211:~/deployment$ friends.mwbrandomwordgentravelingbuddy
friends.mwbrandomwordgentravelingbuddy: command not found
(venv) ubuntu@ip-172-31-18-211:~/deployment$ friendships.ziprandomwordgen.zipworldORMPRactice
friendships.ziprandomwordgen.zipworldORMPRactice: command not found
(venv) ubuntu@ip-172-31-18-211:~/deployment$ integration_projectsemi_restful_projectyworldORMPRactice.zip
integration_projectsemi_restful_projectyworldORMPRactice.zip: command not found
(venv) ubuntu@ip-172-31-18-211:~/deployment$ integration_project.zipsqlhelp.txt
integration_project.zipsqlhelp.txt: command not found
(venv) ubuntu@ip-172-31-18-211:~/deployment$ (djangoEnv) Melissitapita:django melissa$ cd travelingbuddy
-bash: syntax error near unexpected token `Melissitapita:django'
(venv) ubuntu@ip-172-31-18-211:~/deployment$ (djangoEnv) Melissitapita:travelingbuddy melissa$ ls
-bash: syntax error near unexpected token `Melissitapita:travelingbuddy'
(venv) ubuntu@ip-172-31-18-211:~/deployment$ apps
apps
(venv) ubuntu@ip-172-31-18-211:~/deployment$ apps
apps
(venv) ubuntu@ip-172-31-18-211:~/deployment$ appsmanage.pytravelingbuddy
appsmanage.pytravelingbuddy: command not found
(venv) ubuntu@ip-172-31-18-211:~/deployment$ db.sqlite3requirements.txt
db.sqlite3requirements.txt: command not found
(venv) ubuntu@ip-172-31-18-211:~/deployment$ (djangoEnv) Melissitapita:travelingbuddy melissa$ atom .
-bash: syntax error near unexpected token `Melissitapita:travelingbuddy'
(venv) ubuntu@ip-172-31-18-211:~/deployment$ (djangoEnv) Melissitapita:travelingbuddy melissa$ git init
-bash: syntax error near unexpected token `Melissitapita:travelingbuddy'
(venv) ubuntu@ip-172-31-18-211:~/deployment$ Reinitialized existing Git repository in /Users/melissa/Desktop/CodingDojo/online-python-aug-2016/MelissaHong/django/travelingbuddy/.git/
Reinitialized: command not found
(venv) ubuntu@ip-172-31-18-211:~/deployment$ (djangoEnv) Melissitapita:travelingbuddy melissa$ git add .
-bash: syntax error near unexpected token `Melissitapita:travelingbuddy'
(venv) ubuntu@ip-172-31-18-211:~/deployment$ (djangoEnv) Melissitapita:travelingbuddy melissa$ git commit -m 'my first commit'
-bash: syntax error near unexpected token `Melissitapita:travelingbuddy'
(venv) ubuntu@ip-172-31-18-211:~/deployment$ [master 4f1a3df] my first commit
[master: command not found
(venv) ubuntu@ip-172-31-18-211:~/deployment$  1 file changed, 9 deletions(-)
-bash: syntax error near unexpected token `('
(venv) ubuntu@ip-172-31-18-211:~/deployment$  delete mode 100644 requirements.txt
delete: command not found
(venv) ubuntu@ip-172-31-18-211:~/deployment$ (djangoEnv) Melissitapita:travelingbuddy melissa$ ls
-bash: syntax error near unexpected token `Melissitapita:travelingbuddy'
(venv) ubuntu@ip-172-31-18-211:~/deployment$ apps
apps
(venv) ubuntu@ip-172-31-18-211:~/deployment$ appsdb.sqlite3manage.pytravelingbuddy
appsdb.sqlite3manage.pytravelingbuddy: command not found
(venv) ubuntu@ip-172-31-18-211:~/deployment$ (djangoEnv) Melissitapita:travelingbuddy melissa$ git remote add origin https://github.com/MelissaEHong/deployment.git
-bash: syntax error near unexpected token `Melissitapita:travelingbuddy'
(venv) ubuntu@ip-172-31-18-211:~/deployment$ fatal: remote origin already exists.
fatal:: command not found
(venv) ubuntu@ip-172-31-18-211:~/deployment$ (djangoEnv) Melissitapita:travelingbuddy melissa$ git remote rm origin
-bash: syntax error near unexpected token `Melissitapita:travelingbuddy'
(venv) ubuntu@ip-172-31-18-211:~/deployment$ (djangoEnv) Melissitapita:travelingbuddy melissa$ git remote add origin https://github.com/MelissaEHong/deployment.git
-bash: syntax error near unexpected token `Melissitapita:travelingbuddy'
(venv) ubuntu@ip-172-31-18-211:~/deployment$ (djangoEnv) Melissitapita:travelingbuddy melissa$ git push -u origin master
-bash: syntax error near unexpected token `Melissitapita:travelingbuddy'
(venv) ubuntu@ip-172-31-18-211:~/deployment$ Counting objects: 2, done.
Counting: command not found
(venv) ubuntu@ip-172-31-18-211:~/deployment$ Delta compression using up to 4 threads.
No command 'Delta' found, did you mean:
 Command 'delta' from package 'swap-cwm' (universe)
Delta: command not found
(venv) ubuntu@ip-172-31-18-211:~/deployment$ Compressing objects: 100% (2/2), done.
-bash: syntax error near unexpected token `('
(venv) ubuntu@ip-172-31-18-211:~/deployment$ Writing objects: 100% (2/2), 226 bytes | 0 bytes/s, done.
-bash: syntax error near unexpected token `('
(venv) ubuntu@ip-172-31-18-211:~/deployment$ Total 2 (delta 1), reused 0 (delta 0)
-bash: syntax error near unexpected token `('
(venv) ubuntu@ip-172-31-18-211:~/deployment$ remote: Resolving deltas: 100% (1/1), completed with 1 local objects.
-bash: syntax error near unexpected token `('
(venv) ubuntu@ip-172-31-18-211:~/deployment$ To https://github.com/MelissaEHong/deployment.git
To: command not found
(venv) ubuntu@ip-172-31-18-211:~/deployment$    07ed57c..4f1a3df  master -> master
07ed57c..4f1a3df: command not found
(venv) ubuntu@ip-172-31-18-211:~/deployment$ Branch master set up to track remote branch master from origin.
No command 'Branch' found, did you mean:
 Command 'branch' from package 'rheolef' (universe)
Branch: command not found
(venv) ubuntu@ip-172-31-18-211:~/deployment$ (djangoEnv) Melissitapita:travelingbuddy melissa$ pip freeze > requirements.txt
-bash: syntax error near unexpected token `Melissitapita:travelingbuddy'
(venv) ubuntu@ip-172-31-18-211:~/deployment$ (djangoEnv) Melissitapita:travelingbuddy melissa$ git add .
-bash: syntax error near unexpected token `Melissitapita:travelingbuddy'
(venv) ubuntu@ip-172-31-18-211:~/deployment$ (djangoEnv) Melissitapita:travelingbuddy melissa$ git status
-bash: syntax error near unexpected token `Melissitapita:travelingbuddy'
(venv) ubuntu@ip-172-31-18-211:~/deployment$ On branch master
On: command not found
(venv) ubuntu@ip-172-31-18-211:~/deployment$ Your branch is up-to-date with 'origin/master'.
Your: command not found
(venv) ubuntu@ip-172-31-18-211:~/deployment$ Changes to be committed:
Changes: command not found
(venv) ubuntu@ip-172-31-18-211:~/deployment$   (use "git reset HEAD <file>..." to unstage)
No command 'use' found, did you mean:
 Command 'ase' from package 'python-ase' (universe)
 Command 'fuse' from package 'fuse-emulator-sdl' (universe)
 Command 'fuse' from package 'fuse-emulator-gtk' (universe)
 Command 'nse' from package 'ns2' (universe)
 Command 'muse' from package 'muse' (universe)
use: command not found
(venv) ubuntu@ip-172-31-18-211:~/deployment$
(venv) ubuntu@ip-172-31-18-211:~/deployment$ new file:   requirements.txt
The program 'new' is currently not installed. You can install it by typing:
sudo apt-get install nmh
(venv) ubuntu@ip-172-31-18-211:~/deployment$
(venv) ubuntu@ip-172-31-18-211:~/deployment$ Changes not staged for commit:
Changes: command not found
(venv) ubuntu@ip-172-31-18-211:~/deployment$   (use "git add <file>..." to update what will be committed)
No command 'use' found, did you mean:
 Command 'nse' from package 'ns2' (universe)
 Command 'fuse' from package 'fuse-emulator-gtk' (universe)
 Command 'fuse' from package 'fuse-emulator-sdl' (universe)
 Command 'muse' from package 'muse' (universe)
 Command 'ase' from package 'python-ase' (universe)
use: command not found
(venv) ubuntu@ip-172-31-18-211:~/deployment$   (use "git checkout -- <file>..." to discard changes in working directory)
No command 'use' found, did you mean:
 Command 'nse' from package 'ns2' (universe)
 Command 'muse' from package 'muse' (universe)
 Command 'fuse' from package 'fuse-emulator-sdl' (universe)
 Command 'fuse' from package 'fuse-emulator-gtk' (universe)
 Command 'ase' from package 'python-ase' (universe)
use: command not found
(venv) ubuntu@ip-172-31-18-211:~/deployment$
(venv) ubuntu@ip-172-31-18-211:~/deployment$ modified:   requirements.txt
modified:: command not found
(venv) ubuntu@ip-172-31-18-211:~/deployment$
(venv) ubuntu@ip-172-31-18-211:~/deployment$ (djangoEnv) Melissitapita:travelingbuddy melissa$ git add .
-bash: syntax error near unexpected token `Melissitapita:travelingbuddy'
(venv) ubuntu@ip-172-31-18-211:~/deployment$ (djangoEnv) Melissitapita:travelingbuddy melissa$ git commit -m 'add python dependencies'
-bash: syntax error near unexpected token `Melissitapita:travelingbuddy'
(venv) ubuntu@ip-172-31-18-211:~/deployment$ [master 7f644f6] add python dependencies
[master: command not found
(venv) ubuntu@ip-172-31-18-211:~/deployment$  1 file changed, 9 insertions(+)
-bash: syntax error near unexpected token `('
(venv) ubuntu@ip-172-31-18-211:~/deployment$  create mode 100644 requirements.txt
No command 'create' found, did you mean:
 Command 'pcreate' from package 'python-pyramid' (universe)
 Command 'pcreate' from package 'pbuilder-scripts' (universe)
create: command not found
(venv) ubuntu@ip-172-31-18-211:~/deployment$ (djangoEnv) Melissitapita:travelingbuddy melissa$ git push origin master
-bash: syntax error near unexpected token `Melissitapita:travelingbuddy'
(venv) ubuntu@ip-172-31-18-211:~/deployment$ Counting objects: 3, done.
Counting: command not found
(venv) ubuntu@ip-172-31-18-211:~/deployment$ Delta compression using up to 4 threads.
No command 'Delta' found, did you mean:
 Command 'delta' from package 'swap-cwm' (universe)
Delta: command not found
(venv) ubuntu@ip-172-31-18-211:~/deployment$ Compressing objects: 100% (3/3), done.
-bash: syntax error near unexpected token `('
(venv) ubuntu@ip-172-31-18-211:~/deployment$ Writing objects: 100% (3/3), 410 bytes | 0 bytes/s, done.
-bash: syntax error near unexpected token `('
(venv) ubuntu@ip-172-31-18-211:~/deployment$ Total 3 (delta 1), reused 0 (delta 0)
-bash: syntax error near unexpected token `('
(venv) ubuntu@ip-172-31-18-211:~/deployment$ remote: Resolving deltas: 100% (1/1), completed with 1 local objects.
-bash: syntax error near unexpected token `('
(venv) ubuntu@ip-172-31-18-211:~/deployment$ To https://github.com/MelissaEHong/deployment.git
To: command not found
(venv) ubuntu@ip-172-31-18-211:~/deployment$    4f1a3df..7f644f6  master -> master
4f1a3df..7f644f6: command not found
(venv) ubuntu@ip-172-31-18-211:~/deployment$ (djangoEnv) Melissitapita:travelingbuddy melissa$ cd ../../../../..
-bash: syntax error near unexpected token `Melissitapita:travelingbuddy'
(venv) ubuntu@ip-172-31-18-211:~/deployment$ (djangoEnv) Melissitapita:Desktop melissa$ chmod 400 launchkey.pem
-bash: syntax error near unexpected token `Melissitapita:Desktop'
(venv) ubuntu@ip-172-31-18-211:~/deployment$ (djangoEnv) Melissitapita:Desktop melissa$ ssh -i "launchkey.pem" ubuntu@ec2-52-36-197-243.us-west-2.compute.amazonaws.com
-bash: syntax error near unexpected token `Melissitapita:Desktop'
(venv) ubuntu@ip-172-31-18-211:~/deployment$ The authenticity of host 'ec2-52-36-197-243.us-west-2.compute.amazonaws.com (52.36.197.243)' can't be established.
> ECDSA key fingerprint is SHA256:H/eF26VqLfe0VDnW2GldmAewVFInI7gjBNy9fjqQcbM.
> Are you sure you want to continue connecting (yes/no)? yes
> Warning: Permanently added 'ec2-52-36-197-243.us-west-2.compute.amazonaws.com,52.36.197.243' (ECDSA) to the list of known hosts.
> Welcome to Ubuntu 14.04.4 LTS (GNU/Linux 3.13.0-92-generic x86_64)
>
>  * Documentation:  https://help.ubuntu.com/
>
>   System information as of Wed Oct  5 10:31:17 UTC 2016
>
>   System load: 0.0               Memory usage: 5%   Processes:       83
>   Usage of /:  10.0% of 7.74GB   Swap usage:   0%   Users logged in: 0
>
>   Graph this data and manage this system at:
>     https://landscape.canonical.com/
>
>   Get cloud support with Ubuntu Advantage Cloud Guest:
>     http://www.ubuntu.com/business/services/cloud
>
> 0 packages can be updated.
> 0 updates are security updates.
>
>
>
> The programs included with the Ubuntu system are free software;
> the exact distribution terms for each program are described in the
> individual files in /usr/share/doc/*/copyright.
>
> Ubuntu comes with ABSOLUTELY NO WARRANTY, to the extent permitted by
> applicable law.
>
> ubuntu@ip-172-31-18-211:~$ sudo apt-get update
> Ign http://us-west-2.ec2.archive.ubuntu.com trusty InRelease
> Get:1 http://us-west-2.ec2.archive.ubuntu.com trusty-updates InRelease [65.9 kB]
> Get:2 http://us-west-2.ec2.archive.ubuntu.com trusty-backports InRelease [65.9 kB]
> Hit http://us-west-2.ec2.archive.ubuntu.com trusty Release.gpg
> Hit http://us-west-2.ec2.archive.ubuntu.com trusty Release
> Get:3 http://us-west-2.ec2.archive.ubuntu.com trusty-updates/main Sources [383 kB]
> Get:4 http://us-west-2.ec2.archive.ubuntu.com trusty-updates/restricted Sources [5,360 B]
> Get:5 http://us-west-2.ec2.archive.ubuntu.com trusty-updates/universe Sources [166 kB]
> Get:6 http://us-west-2.ec2.archive.ubuntu.com trusty-updates/multiverse Sources [7,520 B]
> Get:7 http://us-west-2.ec2.archive.ubuntu.com trusty-updates/main amd64 Packages [900 kB]
> Get:8 http://us-west-2.ec2.archive.ubuntu.com trusty-updates/restricted amd64 Packages [15.9 kB]
> Get:9 http://us-west-2.ec2.archive.ubuntu.com trusty-updates/universe amd64 Packages [376 kB]
> Get:10 http://us-west-2.ec2.archive.ubuntu.com trusty-updates/multiverse amd64 Packages [15.0 kB]
> Get:11 http://us-west-2.ec2.archive.ubuntu.com trusty-updates/main Translation-en [437 kB]
> Get:12 http://us-west-2.ec2.archive.ubuntu.com trusty-updates/multiverse Translation-en [7,931 B]
> Get:13 http://us-west-2.ec2.archive.ubuntu.com trusty-updates/restricted Translation-en [3,699 B]
> Get:14 http://us-west-2.ec2.archive.ubuntu.com trusty-updates/universe Translation-en [199 kB]
> Get:15 http://us-west-2.ec2.archive.ubuntu.com trusty-backports/main Sources [9,653 B]
> Get:16 http://us-west-2.ec2.archive.ubuntu.com trusty-backports/restricted Sources [28 B]
> Get:17 http://us-west-2.ec2.archive.ubuntu.com trusty-backports/universe Sources [35.2 kB]
> Get:18 http://us-west-2.ec2.archive.ubuntu.com trusty-backports/multiverse Sources [1,898 B]
> Get:19 http://us-west-2.ec2.archive.ubuntu.com trusty-backports/main amd64 Packages [13.3 kB]
> Get:20 http://us-west-2.ec2.archive.ubuntu.com trusty-backports/restricted amd64 Packages [28 B]
> Get:21 http://us-west-2.ec2.archive.ubuntu.com trusty-backports/universe amd64 Packages [43.1 kB]
> Get:22 http://us-west-2.ec2.archive.ubuntu.com trusty-backports/multiverse amd64 Packages [1,571 B]
> Get:23 http://us-west-2.ec2.archive.ubuntu.com trusty-backports/main Translation-en [7,493 B]
> Get:24 http://us-west-2.ec2.archive.ubuntu.com trusty-backports/multiverse Translation-en [1,215 B]
> Get:25 http://us-west-2.ec2.archive.ubuntu.com trusty-backports/restricted Translation-en [28 B]
> Get:26 http://us-west-2.ec2.archive.ubuntu.com trusty-backports/universe Translation-en [36.8 kB]
> Get:27 http://us-west-2.ec2.archive.ubuntu.com trusty/main Sources [1,064 kB]
> Get:28 http://us-west-2.ec2.archive.ubuntu.com trusty/restricted Sources [5,433 B]
> Get:29 http://us-west-2.ec2.archive.ubuntu.com trusty/universe Sources [6,399 kB]
> Get:30 http://security.ubuntu.com trusty-security InRelease [65.9 kB]
> Get:31 http://us-west-2.ec2.archive.ubuntu.com trusty/multiverse Sources [174 kB]
> Hit http://us-west-2.ec2.archive.ubuntu.com trusty/main amd64 Packages
> Hit http://us-west-2.ec2.archive.ubuntu.com trusty/restricted amd64 Packages
> Hit http://us-west-2.ec2.archive.ubuntu.com trusty/universe amd64 Packages
> Hit http://us-west-2.ec2.archive.ubuntu.com trusty/multiverse amd64 Packages
> Hit http://us-west-2.ec2.archive.ubuntu.com trusty/main Translation-en
> Hit http://us-west-2.ec2.archive.ubuntu.com trusty/multiverse Translation-en
> Hit http://us-west-2.ec2.archive.ubuntu.com trusty/restricted Translation-en
> Hit http://us-west-2.ec2.archive.ubuntu.com trusty/universe Translation-en
> Ign http://us-west-2.ec2.archive.ubuntu.com trusty/main Translation-en_US
> Ign http://us-west-2.ec2.archive.ubuntu.com trusty/multiverse Translation-en_US
> Ign http://us-west-2.ec2.archive.ubuntu.com trusty/restricted Translation-en_US
> Ign http://us-west-2.ec2.archive.ubuntu.com trusty/universe Translation-en_US
> Get:32 http://security.ubuntu.com trusty-security/main Sources [120 kB]
> Get:33 http://security.ubuntu.com trusty-security/universe Sources [43.6 kB]
> Get:34 http://security.ubuntu.com trusty-security/main amd64 Packages [531 kB]
> Get:35 http://security.ubuntu.com trusty-security/universe amd64 Packages [138 kB]
> Get:36 http://security.ubuntu.com trusty-security/main Translation-en [292 kB]
> Get:37 http://security.ubuntu.com trusty-security/universe Translation-en [82.7 kB]
> Fetched 11.7 MB in 4s (2,718 kB/s)
> Reading package lists... Done
> ubuntu@ip-172-31-18-211:~$ sudo apt-get install python-pip python-dev libpq-dev postgresql postgresql-contrib nginx git
> Reading package lists... Done
> Building dependency tree
> Reading state information... Done
> The following extra packages will be installed:
>   binutils build-essential comerr-dev cpp cpp-4.8 dpkg-dev fakeroot
>   fontconfig-config fonts-dejavu-core g++ g++-4.8 gcc gcc-4.8 git-man
>   krb5-multidev libalgorithm-diff-perl libalgorithm-diff-xs-perl
>   libalgorithm-merge-perl libasan0 libatomic1 libc-dev-bin libc6-dev
>   libcloog-isl4 libdpkg-perl liberror-perl libexpat1-dev libfakeroot
>   libfile-fcntllock-perl libfontconfig1 libgcc-4.8-dev libgd3 libgmp10
>   libgomp1 libgssrpc4 libisl10 libitm1 libjbig0 libjpeg-turbo8 libjpeg8
>   libkadm5clnt-mit9 libkadm5srv-mit9 libkdb5-7 libmpc3 libmpfr4 libossp-uuid16
>   libpq5 libpython-dev libpython2.7-dev libquadmath0 libssl-dev libssl-doc
>   libssl1.0.0 libstdc++-4.8-dev libtiff5 libtsan0 libvpx1 libxpm4 libxslt1.1
>   linux-libc-dev make manpages-dev nginx-common nginx-core postgresql-9.3
>   postgresql-client-9.3 postgresql-client-common postgresql-common
>   postgresql-contrib-9.3 python-chardet-whl python-colorama
>   python-colorama-whl python-distlib python-distlib-whl python-html5lib
>   python-html5lib-whl python-pip-whl python-requests-whl python-setuptools
>   python-setuptools-whl python-six-whl python-urllib3-whl python-wheel
>   python2.7-dev python3-pkg-resources ssl-cert zlib1g-dev
> Suggested packages:
>   binutils-doc doc-base cpp-doc gcc-4.8-locales debian-keyring g++-multilib
>   g++-4.8-multilib gcc-4.8-doc libstdc++6-4.8-dbg gcc-multilib autoconf
>   automake1.9 libtool flex bison gdb gcc-doc gcc-4.8-multilib libgcc1-dbg
>   libgomp1-dbg libitm1-dbg libatomic1-dbg libasan0-dbg libtsan0-dbg
>   libquadmath0-dbg git-daemon-run git-daemon-sysvinit git-doc git-el git-email
>   git-gui gitk gitweb git-arch git-bzr git-cvs git-mediawiki git-svn krb5-doc
>   glibc-doc libgd-tools krb5-user uuid postgresql-doc-9.3 libstdc++-4.8-doc
>   make-doc fcgiwrap nginx-doc oidentd ident-server locales-all libdbd-pg-perl
>   python-genshi python-lxml python3-setuptools openssl-blacklist
> Recommended packages:
>   python-dev-all
> The following NEW packages will be installed:
>   binutils build-essential comerr-dev cpp cpp-4.8 dpkg-dev fakeroot
>   fontconfig-config fonts-dejavu-core g++ g++-4.8 gcc gcc-4.8 git git-man
>   krb5-multidev libalgorithm-diff-perl libalgorithm-diff-xs-perl
>   libalgorithm-merge-perl libasan0 libatomic1 libc-dev-bin libc6-dev
>   libcloog-isl4 libdpkg-perl liberror-perl libexpat1-dev libfakeroot
>   libfile-fcntllock-perl libfontconfig1 libgcc-4.8-dev libgd3 libgmp10
>   libgomp1 libgssrpc4 libisl10 libitm1 libjbig0 libjpeg-turbo8 libjpeg8
>   libkadm5clnt-mit9 libkadm5srv-mit9 libkdb5-7 libmpc3 libmpfr4 libossp-uuid16
>   libpq-dev libpq5 libpython-dev libpython2.7-dev libquadmath0 libssl-dev
>   libssl-doc libstdc++-4.8-dev libtiff5 libtsan0 libvpx1 libxpm4 libxslt1.1
>   linux-libc-dev make manpages-dev nginx nginx-common nginx-core postgresql
>   postgresql-9.3 postgresql-client-9.3 postgresql-client-common
>   postgresql-common postgresql-contrib postgresql-contrib-9.3
>   python-chardet-whl python-colorama python-colorama-whl python-dev
>   python-distlib python-distlib-whl python-html5lib python-html5lib-whl
>   python-pip python-pip-whl python-requests-whl python-setuptools
>   python-setuptools-whl python-six-whl python-urllib3-whl python-wheel
>   python2.7-dev python3-pkg-resources ssl-cert zlib1g-dev
> The following packages will be upgraded:
>   libssl1.0.0
> 1 upgraded, 92 newly installed, 0 to remove and 45 not upgraded.
> Need to get 77.4 MB of archives.
> After this operation, 214 MB of additional disk space will be used.
> Do you want to continue? [Y/n] y
> Get:1 http://us-west-2.ec2.archive.ubuntu.com/ubuntu/ trusty-updates/main libssl1.0.0 amd64 1.0.1f-1ubuntu2.21 [830 kB]
> Get:2 http://us-west-2.ec2.archive.ubuntu.com/ubuntu/ trusty-updates/main libasan0 amd64 4.8.4-2ubuntu1~14.04.3 [63.1 kB]
> Get:3 http://us-west-2.ec2.archive.ubuntu.com/ubuntu/ trusty-updates/main libatomic1 amd64 4.8.4-2ubuntu1~14.04.3 [8,636 B]
> Get:4 http://us-west-2.ec2.archive.ubuntu.com/ubuntu/ trusty/main libgmp10 amd64 2:5.1.3+dfsg-1ubuntu1 [218 kB]
> Get:5 http://us-west-2.ec2.archive.ubuntu.com/ubuntu/ trusty/main libisl10 amd64 0.12.2-1 [419 kB]
> Get:6 http://us-west-2.ec2.archive.ubuntu.com/ubuntu/ trusty/main libcloog-isl4 amd64 0.18.2-1 [57.5 kB]
> Get:7 http://us-west-2.ec2.archive.ubuntu.com/ubuntu/ trusty/main fonts-dejavu-core all 2.34-1ubuntu1 [1,024 kB]
> Get:8 http://us-west-2.ec2.archive.ubuntu.com/ubuntu/ trusty-updates/main fontconfig-config all 2.11.0-0ubuntu4.2 [47.4 kB]
> Get:9 http://us-west-2.ec2.archive.ubuntu.com/ubuntu/ trusty-updates/main libfontconfig1 amd64 2.11.0-0ubuntu4.2 [123 kB]
> Get:10 http://us-west-2.ec2.archive.ubuntu.com/ubuntu/ trusty/main libjpeg-turbo8 amd64 1.3.0-0ubuntu2 [104 kB]
> Get:11 http://us-west-2.ec2.archive.ubuntu.com/ubuntu/ trusty/main libjpeg8 amd64 8c-2ubuntu8 [2,194 B]
> Get:12 http://us-west-2.ec2.archive.ubuntu.com/ubuntu/ trusty-updates/main libjbig0 amd64 2.0-2ubuntu4.1 [26.1 kB]
> Get:13 http://us-west-2.ec2.archive.ubuntu.com/ubuntu/ trusty-updates/main libtiff5 amd64 4.0.3-7ubuntu0.4 [143 kB]
> Get:14 http://us-west-2.ec2.archive.ubuntu.com/ubuntu/ trusty/main libvpx1 amd64 1.3.0-2 [556 kB]
> Get:15 http://us-west-2.ec2.archive.ubuntu.com/ubuntu/ trusty/main libxpm4 amd64 1:3.5.10-1 [38.3 kB]
> Get:16 http://us-west-2.ec2.archive.ubuntu.com/ubuntu/ trusty-updates/main libgd3 amd64 2.1.0-3ubuntu0.3 [122 kB]
> Get:17 http://us-west-2.ec2.archive.ubuntu.com/ubuntu/ trusty-updates/main libgomp1 amd64 4.8.4-2ubuntu1~14.04.3 [23.1 kB]
> Get:18 http://us-west-2.ec2.archive.ubuntu.com/ubuntu/ trusty-updates/main libgssrpc4 amd64 1.12+dfsg-2ubuntu5.2 [53.1 kB]
> Get:19 http://us-west-2.ec2.archive.ubuntu.com/ubuntu/ trusty-updates/main libitm1 amd64 4.8.4-2ubuntu1~14.04.3 [28.5 kB]
> Get:20 http://us-west-2.ec2.archive.ubuntu.com/ubuntu/ trusty-updates/main libkadm5clnt-mit9 amd64 1.12+dfsg-2ubuntu5.2 [36.2 kB]
> Get:21 http://us-west-2.ec2.archive.ubuntu.com/ubuntu/ trusty-updates/main libkdb5-7 amd64 1.12+dfsg-2ubuntu5.2 [36.2 kB]
> Get:22 http://us-west-2.ec2.archive.ubuntu.com/ubuntu/ trusty-updates/main libkadm5srv-mit9 amd64 1.12+dfsg-2ubuntu5.2 [50.4 kB]
> Get:23 http://us-west-2.ec2.archive.ubuntu.com/ubuntu/ trusty/main libmpfr4 amd64 3.1.2-1 [203 kB]
> Get:24 http://us-west-2.ec2.archive.ubuntu.com/ubuntu/ trusty-updates/main libc-dev-bin amd64 2.19-0ubuntu6.9 [69.0 kB]
> Get:25 http://us-west-2.ec2.archive.ubuntu.com/ubuntu/ trusty-updates/main linux-libc-dev amd64 3.13.0-96.143 [767 kB]
> Get:26 http://us-west-2.ec2.archive.ubuntu.com/ubuntu/ trusty-updates/main libc6-dev amd64 2.19-0ubuntu6.9 [1,910 kB]
> Get:27 http://us-west-2.ec2.archive.ubuntu.com/ubuntu/ trusty-updates/main libexpat1-dev amd64 2.1.0-4ubuntu1.3 [115 kB]
> Get:28 http://us-west-2.ec2.archive.ubuntu.com/ubuntu/ trusty-updates/main libpython2.7-dev amd64 2.7.6-8ubuntu0.2 [22.0 MB]
> Get:29 http://us-west-2.ec2.archive.ubuntu.com/ubuntu/ trusty-updates/main libquadmath0 amd64 4.8.4-2ubuntu1~14.04.3 [126 kB]
> Get:30 http://us-west-2.ec2.archive.ubuntu.com/ubuntu/ trusty-updates/main libtsan0 amd64 4.8.4-2ubuntu1~14.04.3 [94.9 kB]
> Get:31 http://us-west-2.ec2.archive.ubuntu.com/ubuntu/ trusty/main libxslt1.1 amd64 1.1.28-2build1 [145 kB]
> Get:32 http://us-west-2.ec2.archive.ubuntu.com/ubuntu/ trusty/main libmpc3 amd64 1.0.1-1ubuntu1 [38.4 kB]
> Get:33 http://us-west-2.ec2.archive.ubuntu.com/ubuntu/ trusty-updates/main binutils amd64 2.24-5ubuntu14.1 [2,081 kB]
> Get:34 http://us-west-2.ec2.archive.ubuntu.com/ubuntu/ trusty-updates/main cpp-4.8 amd64 4.8.4-2ubuntu1~14.04.3 [4,595 kB]
> Get:35 http://us-west-2.ec2.archive.ubuntu.com/ubuntu/ trusty/main cpp amd64 4:4.8.2-1ubuntu6 [27.5 kB]
> Get:36 http://us-west-2.ec2.archive.ubuntu.com/ubuntu/ trusty-updates/main libgcc-4.8-dev amd64 4.8.4-2ubuntu1~14.04.3 [1,688 kB]
> Get:37 http://us-west-2.ec2.archive.ubuntu.com/ubuntu/ trusty-updates/main gcc-4.8 amd64 4.8.4-2ubuntu1~14.04.3 [5,047 kB]
> Get:38 http://us-west-2.ec2.archive.ubuntu.com/ubuntu/ trusty/main gcc amd64 4:4.8.2-1ubuntu6 [5,098 B]
> Get:39 http://us-west-2.ec2.archive.ubuntu.com/ubuntu/ trusty-updates/main libstdc++-4.8-dev amd64 4.8.4-2ubuntu1~14.04.3 [1,053 kB]
> Get:40 http://us-west-2.ec2.archive.ubuntu.com/ubuntu/ trusty-updates/main g++-4.8 amd64 4.8.4-2ubuntu1~14.04.3 [18.1 MB]
> Get:41 http://us-west-2.ec2.archive.ubuntu.com/ubuntu/ trusty/main g++ amd64 4:4.8.2-1ubuntu6 [1,490 B]
> Get:42 http://us-west-2.ec2.archive.ubuntu.com/ubuntu/ trusty/main make amd64 3.81-8.2ubuntu3 [119 kB]
> Get:43 http://us-west-2.ec2.archive.ubuntu.com/ubuntu/ trusty-updates/main libdpkg-perl all 1.17.5ubuntu5.7 [179 kB]
> Get:44 http://us-west-2.ec2.archive.ubuntu.com/ubuntu/ trusty-updates/main dpkg-dev all 1.17.5ubuntu5.7 [726 kB]
> Get:45 http://us-west-2.ec2.archive.ubuntu.com/ubuntu/ trusty/main build-essential amd64 11.6ubuntu6 [4,838 B]
> Get:46 http://us-west-2.ec2.archive.ubuntu.com/ubuntu/ trusty/main libfakeroot amd64 1.20-3ubuntu2 [25.4 kB]
> Get:47 http://us-west-2.ec2.archive.ubuntu.com/ubuntu/ trusty/main fakeroot amd64 1.20-3ubuntu2 [55.0 kB]
> Get:48 http://us-west-2.ec2.archive.ubuntu.com/ubuntu/ trusty/main liberror-perl all 0.17-1.1 [21.1 kB]
> Get:49 http://us-west-2.ec2.archive.ubuntu.com/ubuntu/ trusty-updates/main git-man all 1:1.9.1-1ubuntu0.3 [699 kB]
> Get:50 http://us-west-2.ec2.archive.ubuntu.com/ubuntu/ trusty-updates/main git amd64 1:1.9.1-1ubuntu0.3 [2,586 kB]
> Get:51 http://us-west-2.ec2.archive.ubuntu.com/ubuntu/ trusty-updates/main comerr-dev amd64 2.1-1.42.9-3ubuntu1.3 [38.3 kB]
> Get:52 http://us-west-2.ec2.archive.ubuntu.com/ubuntu/ trusty-updates/main krb5-multidev amd64 1.12+dfsg-2ubuntu5.2 [111 kB]
> Get:53 http://us-west-2.ec2.archive.ubuntu.com/ubuntu/ trusty/main libalgorithm-diff-perl all 1.19.02-3 [50.0 kB]
> Get:54 http://us-west-2.ec2.archive.ubuntu.com/ubuntu/ trusty/main libalgorithm-diff-xs-perl amd64 0.04-2build4 [12.6 kB]
> Get:55 http://us-west-2.ec2.archive.ubuntu.com/ubuntu/ trusty/main libalgorithm-merge-perl all 0.08-2 [12.7 kB]
> Get:56 http://us-west-2.ec2.archive.ubuntu.com/ubuntu/ trusty/main libfile-fcntllock-perl amd64 0.14-2build1 [15.9 kB]
> Get:57 http://us-west-2.ec2.archive.ubuntu.com/ubuntu/ trusty/main libossp-uuid16 amd64 1.6.2-1.3ubuntu1 [29.6 kB]
> Get:58 http://us-west-2.ec2.archive.ubuntu.com/ubuntu/ trusty-updates/main libpq5 amd64 9.3.14-0ubuntu0.14.04 [78.8 kB]
> Get:59 http://us-west-2.ec2.archive.ubuntu.com/ubuntu/ trusty/main zlib1g-dev amd64 1:1.2.8.dfsg-1ubuntu1 [183 kB]
> Get:60 http://us-west-2.ec2.archive.ubuntu.com/ubuntu/ trusty-updates/main libssl-dev amd64 1.0.1f-1ubuntu2.21 [1,074 kB]
> Get:61 http://us-west-2.ec2.archive.ubuntu.com/ubuntu/ trusty-updates/main libpq-dev amd64 9.3.14-0ubuntu0.14.04 [140 kB]
> Get:62 http://us-west-2.ec2.archive.ubuntu.com/ubuntu/ trusty/main libpython-dev amd64 2.7.5-5ubuntu3 [7,078 B]
> Get:63 http://us-west-2.ec2.archive.ubuntu.com/ubuntu/ trusty-updates/main libssl-doc all 1.0.1f-1ubuntu2.21 [971 kB]
> Get:64 http://us-west-2.ec2.archive.ubuntu.com/ubuntu/ trusty/main manpages-dev all 3.54-1ubuntu1 [1,820 kB]
> Get:65 http://us-west-2.ec2.archive.ubuntu.com/ubuntu/ trusty-updates/main nginx-common all 1.4.6-1ubuntu3.5 [18.1 kB]
> Get:66 http://us-west-2.ec2.archive.ubuntu.com/ubuntu/ trusty-updates/main nginx-core amd64 1.4.6-1ubuntu3.5 [325 kB]
> Get:67 http://us-west-2.ec2.archive.ubuntu.com/ubuntu/ trusty-updates/main nginx all 1.4.6-1ubuntu3.5 [5,454 B]
> Get:68 http://us-west-2.ec2.archive.ubuntu.com/ubuntu/ trusty-updates/main postgresql-client-common all 154ubuntu1 [25.4 kB]
> Get:69 http://us-west-2.ec2.archive.ubuntu.com/ubuntu/ trusty-updates/main postgresql-client-9.3 amd64 9.3.14-0ubuntu0.14.04 [786 kB]
> Get:70 http://us-west-2.ec2.archive.ubuntu.com/ubuntu/ trusty/main ssl-cert all 1.0.33 [16.6 kB]
> Get:71 http://us-west-2.ec2.archive.ubuntu.com/ubuntu/ trusty-updates/main postgresql-common all 154ubuntu1 [103 kB]
> Get:72 http://us-west-2.ec2.archive.ubuntu.com/ubuntu/ trusty-updates/main postgresql-9.3 amd64 9.3.14-0ubuntu0.14.04 [2,684 kB]
> Get:73 http://us-west-2.ec2.archive.ubuntu.com/ubuntu/ trusty-updates/main postgresql all 9.3+154ubuntu1 [5,038 B]
> Get:74 http://us-west-2.ec2.archive.ubuntu.com/ubuntu/ trusty-updates/main postgresql-contrib-9.3 amd64 9.3.14-0ubuntu0.14.04 [401 kB]
> Get:75 http://us-west-2.ec2.archive.ubuntu.com/ubuntu/ trusty-updates/main postgresql-contrib all 9.3+154ubuntu1 [5,058 B]
> Get:76 http://us-west-2.ec2.archive.ubuntu.com/ubuntu/ trusty-updates/main python3-pkg-resources all 3.3-1ubuntu2 [31.7 kB]
> Get:77 http://us-west-2.ec2.archive.ubuntu.com/ubuntu/ trusty-updates/universe python-chardet-whl all 2.2.1-2~ubuntu1 [170 kB]
> Get:78 http://us-west-2.ec2.archive.ubuntu.com/ubuntu/ trusty-updates/universe python-colorama all 0.2.5-0.1ubuntu2 [18.4 kB]
> Get:79 http://us-west-2.ec2.archive.ubuntu.com/ubuntu/ trusty-updates/universe python-colorama-whl all 0.2.5-0.1ubuntu2 [18.2 kB]
> Get:80 http://us-west-2.ec2.archive.ubuntu.com/ubuntu/ trusty-updates/main python2.7-dev amd64 2.7.6-8ubuntu0.2 [269 kB]
> Get:81 http://us-west-2.ec2.archive.ubuntu.com/ubuntu/ trusty/main python-dev amd64 2.7.5-5ubuntu3 [1,166 B]
> Get:82 http://us-west-2.ec2.archive.ubuntu.com/ubuntu/ trusty-updates/universe python-distlib all 0.1.8-1ubuntu1 [113 kB]
> Get:83 http://us-west-2.ec2.archive.ubuntu.com/ubuntu/ trusty-updates/universe python-distlib-whl all 0.1.8-1ubuntu1 [140 kB]
> Get:84 http://us-west-2.ec2.archive.ubuntu.com/ubuntu/ trusty-updates/main python-html5lib all 0.999-3~ubuntu1 [83.5 kB]
> Get:85 http://us-west-2.ec2.archive.ubuntu.com/ubuntu/ trusty-updates/main python-html5lib-whl all 0.999-3~ubuntu1 [109 kB]
> Get:86 http://us-west-2.ec2.archive.ubuntu.com/ubuntu/ trusty-updates/main python-six-whl all 1.5.2-1ubuntu1 [10.5 kB]
> Get:87 http://us-west-2.ec2.archive.ubuntu.com/ubuntu/ trusty-updates/main python-urllib3-whl all 1.7.1-1ubuntu4 [64.0 kB]
> Get:88 http://us-west-2.ec2.archive.ubuntu.com/ubuntu/ trusty-updates/main python-requests-whl all 2.2.1-1ubuntu0.3 [227 kB]
> Get:89 http://us-west-2.ec2.archive.ubuntu.com/ubuntu/ trusty-updates/main python-setuptools-whl all 3.3-1ubuntu2 [244 kB]
> Get:90 http://us-west-2.ec2.archive.ubuntu.com/ubuntu/ trusty-updates/universe python-pip-whl all 1.5.4-1ubuntu4 [111 kB]
> Get:91 http://us-west-2.ec2.archive.ubuntu.com/ubuntu/ trusty-updates/main python-setuptools all 3.3-1ubuntu2 [230 kB]
> Get:92 http://us-west-2.ec2.archive.ubuntu.com/ubuntu/ trusty-updates/universe python-pip all 1.5.4-1ubuntu4 [97.3 kB]
> Get:93 http://us-west-2.ec2.archive.ubuntu.com/ubuntu/ trusty-updates/main python-wheel all 0.24.0-1~ubuntu1 [44.7 kB]
> Fetched 77.4 MB in 2s (38.1 MB/s)
> Extracting templates from packages: 100%
> Preconfiguring packages ...
> (Reading database ... 51172 files and directories currently installed.)
> Preparing to unpack .../libssl1.0.0_1.0.1f-1ubuntu2.21_amd64.deb ...
> Unpacking libssl1.0.0:amd64 (1.0.1f-1ubuntu2.21) over (1.0.1f-1ubuntu2.19) ...
> Selecting previously unselected package libasan0:amd64.
> Preparing to unpack .../libasan0_4.8.4-2ubuntu1~14.04.3_amd64.deb ...
> Unpacking libasan0:amd64 (4.8.4-2ubuntu1~14.04.3) ...
> Selecting previously unselected package libatomic1:amd64.
> Preparing to unpack .../libatomic1_4.8.4-2ubuntu1~14.04.3_amd64.deb ...
> Unpacking libatomic1:amd64 (4.8.4-2ubuntu1~14.04.3) ...
> Selecting previously unselected package libgmp10:amd64.
> Preparing to unpack .../libgmp10_2%3a5.1.3+dfsg-1ubuntu1_amd64.deb ...
> Unpacking libgmp10:amd64 (2:5.1.3+dfsg-1ubuntu1) ...
> Selecting previously unselected package libisl10:amd64.
> Preparing to unpack .../libisl10_0.12.2-1_amd64.deb ...
> Unpacking libisl10:amd64 (0.12.2-1) ...
> Selecting previously unselected package libcloog-isl4:amd64.
> Preparing to unpack .../libcloog-isl4_0.18.2-1_amd64.deb ...
> Unpacking libcloog-isl4:amd64 (0.18.2-1) ...
> Selecting previously unselected package fonts-dejavu-core.
> Preparing to unpack .../fonts-dejavu-core_2.34-1ubuntu1_all.deb ...
> Unpacking fonts-dejavu-core (2.34-1ubuntu1) ...
> Selecting previously unselected package fontconfig-config.
> Preparing to unpack .../fontconfig-config_2.11.0-0ubuntu4.2_all.deb ...
> Unpacking fontconfig-config (2.11.0-0ubuntu4.2) ...
> Selecting previously unselected package libfontconfig1:amd64.
> Preparing to unpack .../libfontconfig1_2.11.0-0ubuntu4.2_amd64.deb ...
> Unpacking libfontconfig1:amd64 (2.11.0-0ubuntu4.2) ...
> Selecting previously unselected package libjpeg-turbo8:amd64.
> Preparing to unpack .../libjpeg-turbo8_1.3.0-0ubuntu2_amd64.deb ...
> Unpacking libjpeg-turbo8:amd64 (1.3.0-0ubuntu2) ...
> Selecting previously unselected package libjpeg8:amd64.
> Preparing to unpack .../libjpeg8_8c-2ubuntu8_amd64.deb ...
> Unpacking libjpeg8:amd64 (8c-2ubuntu8) ...
> Selecting previously unselected package libjbig0:amd64.
> Preparing to unpack .../libjbig0_2.0-2ubuntu4.1_amd64.deb ...
> Unpacking libjbig0:amd64 (2.0-2ubuntu4.1) ...
> Selecting previously unselected package libtiff5:amd64.
> Preparing to unpack .../libtiff5_4.0.3-7ubuntu0.4_amd64.deb ...
> Unpacking libtiff5:amd64 (4.0.3-7ubuntu0.4) ...
> Selecting previously unselected package libvpx1:amd64.
> Preparing to unpack .../libvpx1_1.3.0-2_amd64.deb ...
> Unpacking libvpx1:amd64 (1.3.0-2) ...
> Selecting previously unselected package libxpm4:amd64.
> Preparing to unpack .../libxpm4_1%3a3.5.10-1_amd64.deb ...
> Unpacking libxpm4:amd64 (1:3.5.10-1) ...
> Selecting previously unselected package libgd3:amd64.
> Preparing to unpack .../libgd3_2.1.0-3ubuntu0.3_amd64.deb ...
> Unpacking libgd3:amd64 (2.1.0-3ubuntu0.3) ...
> Selecting previously unselected package libgomp1:amd64.
> Preparing to unpack .../libgomp1_4.8.4-2ubuntu1~14.04.3_amd64.deb ...
> Unpacking libgomp1:amd64 (4.8.4-2ubuntu1~14.04.3) ...
> Selecting previously unselected package libgssrpc4:amd64.
> Preparing to unpack .../libgssrpc4_1.12+dfsg-2ubuntu5.2_amd64.deb ...
> Unpacking libgssrpc4:amd64 (1.12+dfsg-2ubuntu5.2) ...
> Selecting previously unselected package libitm1:amd64.
> Preparing to unpack .../libitm1_4.8.4-2ubuntu1~14.04.3_amd64.deb ...
> Unpacking libitm1:amd64 (4.8.4-2ubuntu1~14.04.3) ...
> Selecting previously unselected package libkadm5clnt-mit9:amd64.
> Preparing to unpack .../libkadm5clnt-mit9_1.12+dfsg-2ubuntu5.2_amd64.deb ...
> Unpacking libkadm5clnt-mit9:amd64 (1.12+dfsg-2ubuntu5.2) ...
> Selecting previously unselected package libkdb5-7:amd64.
> Preparing to unpack .../libkdb5-7_1.12+dfsg-2ubuntu5.2_amd64.deb ...
> Unpacking libkdb5-7:amd64 (1.12+dfsg-2ubuntu5.2) ...
> Selecting previously unselected package libkadm5srv-mit9:amd64.
> Preparing to unpack .../libkadm5srv-mit9_1.12+dfsg-2ubuntu5.2_amd64.deb ...
> Unpacking libkadm5srv-mit9:amd64 (1.12+dfsg-2ubuntu5.2) ...
> Selecting previously unselected package libmpfr4:amd64.
> Preparing to unpack .../libmpfr4_3.1.2-1_amd64.deb ...
> Unpacking libmpfr4:amd64 (3.1.2-1) ...
> Selecting previously unselected package libc-dev-bin.
> Preparing to unpack .../libc-dev-bin_2.19-0ubuntu6.9_amd64.deb ...
> Unpacking libc-dev-bin (2.19-0ubuntu6.9) ...
> Selecting previously unselected package linux-libc-dev:amd64.
> Preparing to unpack .../linux-libc-dev_3.13.0-96.143_amd64.deb ...
> Unpacking linux-libc-dev:amd64 (3.13.0-96.143) ...
> Selecting previously unselected package libc6-dev:amd64.
> Preparing to unpack .../libc6-dev_2.19-0ubuntu6.9_amd64.deb ...
> Unpacking libc6-dev:amd64 (2.19-0ubuntu6.9) ...
> Selecting previously unselected package libexpat1-dev:amd64.
> Preparing to unpack .../libexpat1-dev_2.1.0-4ubuntu1.3_amd64.deb ...
> Unpacking libexpat1-dev:amd64 (2.1.0-4ubuntu1.3) ...
> Selecting previously unselected package libpython2.7-dev:amd64.
> Preparing to unpack .../libpython2.7-dev_2.7.6-8ubuntu0.2_amd64.deb ...
> Unpacking libpython2.7-dev:amd64 (2.7.6-8ubuntu0.2) ...
> Selecting previously unselected package libquadmath0:amd64.
> Preparing to unpack .../libquadmath0_4.8.4-2ubuntu1~14.04.3_amd64.deb ...
> Unpacking libquadmath0:amd64 (4.8.4-2ubuntu1~14.04.3) ...
> Selecting previously unselected package libtsan0:amd64.
> Preparing to unpack .../libtsan0_4.8.4-2ubuntu1~14.04.3_amd64.deb ...
> Unpacking libtsan0:amd64 (4.8.4-2ubuntu1~14.04.3) ...
> Selecting previously unselected package libxslt1.1:amd64.
> Preparing to unpack .../libxslt1.1_1.1.28-2build1_amd64.deb ...
> Unpacking libxslt1.1:amd64 (1.1.28-2build1) ...
> Selecting previously unselected package libmpc3:amd64.
> Preparing to unpack .../libmpc3_1.0.1-1ubuntu1_amd64.deb ...
> Unpacking libmpc3:amd64 (1.0.1-1ubuntu1) ...
> Selecting previously unselected package binutils.
> Preparing to unpack .../binutils_2.24-5ubuntu14.1_amd64.deb ...
> Unpacking binutils (2.24-5ubuntu14.1) ...
> Selecting previously unselected package cpp-4.8.
> Preparing to unpack .../cpp-4.8_4.8.4-2ubuntu1~14.04.3_amd64.deb ...
> Unpacking cpp-4.8 (4.8.4-2ubuntu1~14.04.3) ...
> Selecting previously unselected package cpp.
> Preparing to unpack .../cpp_4%3a4.8.2-1ubuntu6_amd64.deb ...
> Unpacking cpp (4:4.8.2-1ubuntu6) ...
> Selecting previously unselected package libgcc-4.8-dev:amd64.
> Preparing to unpack .../libgcc-4.8-dev_4.8.4-2ubuntu1~14.04.3_amd64.deb ...
> Unpacking libgcc-4.8-dev:amd64 (4.8.4-2ubuntu1~14.04.3) ...
> Selecting previously unselected package gcc-4.8.
> Preparing to unpack .../gcc-4.8_4.8.4-2ubuntu1~14.04.3_amd64.deb ...
> Unpacking gcc-4.8 (4.8.4-2ubuntu1~14.04.3) ...
> Selecting previously unselected package gcc.
> Preparing to unpack .../gcc_4%3a4.8.2-1ubuntu6_amd64.deb ...
> Unpacking gcc (4:4.8.2-1ubuntu6) ...
> Selecting previously unselected package libstdc++-4.8-dev:amd64.
> Preparing to unpack .../libstdc++-4.8-dev_4.8.4-2ubuntu1~14.04.3_amd64.deb ...
> Unpacking libstdc++-4.8-dev:amd64 (4.8.4-2ubuntu1~14.04.3) ...
> Selecting previously unselected package g++-4.8.
> Preparing to unpack .../g++-4.8_4.8.4-2ubuntu1~14.04.3_amd64.deb ...
> Unpacking g++-4.8 (4.8.4-2ubuntu1~14.04.3) ...
> Selecting previously unselected package g++.
> Preparing to unpack .../g++_4%3a4.8.2-1ubuntu6_amd64.deb ...
> Unpacking g++ (4:4.8.2-1ubuntu6) ...
> Selecting previously unselected package make.
> Preparing to unpack .../make_3.81-8.2ubuntu3_amd64.deb ...
> Unpacking make (3.81-8.2ubuntu3) ...
> Selecting previously unselected package libdpkg-perl.
> Preparing to unpack .../libdpkg-perl_1.17.5ubuntu5.7_all.deb ...
> Unpacking libdpkg-perl (1.17.5ubuntu5.7) ...
> Selecting previously unselected package dpkg-dev.
> Preparing to unpack .../dpkg-dev_1.17.5ubuntu5.7_all.deb ...
> Unpacking dpkg-dev (1.17.5ubuntu5.7) ...
> Selecting previously unselected package build-essential.
> Preparing to unpack .../build-essential_11.6ubuntu6_amd64.deb ...
> Unpacking build-essential (11.6ubuntu6) ...
> Selecting previously unselected package libfakeroot:amd64.
> Preparing to unpack .../libfakeroot_1.20-3ubuntu2_amd64.deb ...
> Unpacking libfakeroot:amd64 (1.20-3ubuntu2) ...
> Selecting previously unselected package fakeroot.
> Preparing to unpack .../fakeroot_1.20-3ubuntu2_amd64.deb ...
> Unpacking fakeroot (1.20-3ubuntu2) ...
> Selecting previously unselected package liberror-perl.
> Preparing to unpack .../liberror-perl_0.17-1.1_all.deb ...
> Unpacking liberror-perl (0.17-1.1) ...
> Selecting previously unselected package git-man.
> Preparing to unpack .../git-man_1%3a1.9.1-1ubuntu0.3_all.deb ...
> Unpacking git-man (1:1.9.1-1ubuntu0.3) ...
> Selecting previously unselected package git.
> Preparing to unpack .../git_1%3a1.9.1-1ubuntu0.3_amd64.deb ...
> Unpacking git (1:1.9.1-1ubuntu0.3) ...
> Selecting previously unselected package comerr-dev.
> Preparing to unpack .../comerr-dev_2.1-1.42.9-3ubuntu1.3_amd64.deb ...
> Unpacking comerr-dev (2.1-1.42.9-3ubuntu1.3) ...
> Selecting previously unselected package krb5-multidev.
> Preparing to unpack .../krb5-multidev_1.12+dfsg-2ubuntu5.2_amd64.deb ...
> Unpacking krb5-multidev (1.12+dfsg-2ubuntu5.2) ...
> Selecting previously unselected package libalgorithm-diff-perl.
> Preparing to unpack .../libalgorithm-diff-perl_1.19.02-3_all.deb ...
> Unpacking libalgorithm-diff-perl (1.19.02-3) ...
> Selecting previously unselected package libalgorithm-diff-xs-perl.
> Preparing to unpack .../libalgorithm-diff-xs-perl_0.04-2build4_amd64.deb ...
> Unpacking libalgorithm-diff-xs-perl (0.04-2build4) ...
> Selecting previously unselected package libalgorithm-merge-perl.
> Preparing to unpack .../libalgorithm-merge-perl_0.08-2_all.deb ...
> Unpacking libalgorithm-merge-perl (0.08-2) ...
> Selecting previously unselected package libfile-fcntllock-perl.
> Preparing to unpack .../libfile-fcntllock-perl_0.14-2build1_amd64.deb ...
> Unpacking libfile-fcntllock-perl (0.14-2build1) ...
> Selecting previously unselected package libossp-uuid16.
> Preparing to unpack .../libossp-uuid16_1.6.2-1.3ubuntu1_amd64.deb ...
> Unpacking libossp-uuid16 (1.6.2-1.3ubuntu1) ...
> Selecting previously unselected package libpq5.
> Preparing to unpack .../libpq5_9.3.14-0ubuntu0.14.04_amd64.deb ...
> Unpacking libpq5 (9.3.14-0ubuntu0.14.04) ...
> Selecting previously unselected package zlib1g-dev:amd64.
> Preparing to unpack .../zlib1g-dev_1%3a1.2.8.dfsg-1ubuntu1_amd64.deb ...
> Unpacking zlib1g-dev:amd64 (1:1.2.8.dfsg-1ubuntu1) ...
> Selecting previously unselected package libssl-dev:amd64.
> Preparing to unpack .../libssl-dev_1.0.1f-1ubuntu2.21_amd64.deb ...
> Unpacking libssl-dev:amd64 (1.0.1f-1ubuntu2.21) ...
> Selecting previously unselected package libpq-dev.
> Preparing to unpack .../libpq-dev_9.3.14-0ubuntu0.14.04_amd64.deb ...
> Unpacking libpq-dev (9.3.14-0ubuntu0.14.04) ...
> Selecting previously unselected package libpython-dev:amd64.
> Preparing to unpack .../libpython-dev_2.7.5-5ubuntu3_amd64.deb ...
> Unpacking libpython-dev:amd64 (2.7.5-5ubuntu3) ...
> Selecting previously unselected package libssl-doc.
> Preparing to unpack .../libssl-doc_1.0.1f-1ubuntu2.21_all.deb ...
> Unpacking libssl-doc (1.0.1f-1ubuntu2.21) ...
> Selecting previously unselected package manpages-dev.
> Preparing to unpack .../manpages-dev_3.54-1ubuntu1_all.deb ...
> Unpacking manpages-dev (3.54-1ubuntu1) ...
> Selecting previously unselected package nginx-common.
> Preparing to unpack .../nginx-common_1.4.6-1ubuntu3.5_all.deb ...
> Unpacking nginx-common (1.4.6-1ubuntu3.5) ...
> Selecting previously unselected package nginx-core.
> Preparing to unpack .../nginx-core_1.4.6-1ubuntu3.5_amd64.deb ...
> Unpacking nginx-core (1.4.6-1ubuntu3.5) ...
> Selecting previously unselected package nginx.
> Preparing to unpack .../nginx_1.4.6-1ubuntu3.5_all.deb ...
> Unpacking nginx (1.4.6-1ubuntu3.5) ...
> Selecting previously unselected package postgresql-client-common.
> Preparing to unpack .../postgresql-client-common_154ubuntu1_all.deb ...
> Unpacking postgresql-client-common (154ubuntu1) ...
> Selecting previously unselected package postgresql-client-9.3.
> Preparing to unpack .../postgresql-client-9.3_9.3.14-0ubuntu0.14.04_amd64.deb ...
> Unpacking postgresql-client-9.3 (9.3.14-0ubuntu0.14.04) ...
> Selecting previously unselected package ssl-cert.
> Preparing to unpack .../ssl-cert_1.0.33_all.deb ...
> Unpacking ssl-cert (1.0.33) ...
> Selecting previously unselected package postgresql-common.
> Preparing to unpack .../postgresql-common_154ubuntu1_all.deb ...
> Adding 'diversion of /usr/bin/pg_config to /usr/bin/pg_config.libpq-dev by postgresql-common'
> Unpacking postgresql-common (154ubuntu1) ...
> Selecting previously unselected package postgresql-9.3.
> Preparing to unpack .../postgresql-9.3_9.3.14-0ubuntu0.14.04_amd64.deb ...
> Unpacking postgresql-9.3 (9.3.14-0ubuntu0.14.04) ...
> Selecting previously unselected package postgresql.
> Preparing to unpack .../postgresql_9.3+154ubuntu1_all.deb ...
> Unpacking postgresql (9.3+154ubuntu1) ...
> Selecting previously unselected package postgresql-contrib-9.3.
> Preparing to unpack .../postgresql-contrib-9.3_9.3.14-0ubuntu0.14.04_amd64.deb ...
> Unpacking postgresql-contrib-9.3 (9.3.14-0ubuntu0.14.04) ...
> Selecting previously unselected package postgresql-contrib.
> Preparing to unpack .../postgresql-contrib_9.3+154ubuntu1_all.deb ...
> Unpacking postgresql-contrib (9.3+154ubuntu1) ...
> Selecting previously unselected package python3-pkg-resources.
> Preparing to unpack .../python3-pkg-resources_3.3-1ubuntu2_all.deb ...
> Unpacking python3-pkg-resources (3.3-1ubuntu2) ...
> Selecting previously unselected package python-chardet-whl.
> Preparing to unpack .../python-chardet-whl_2.2.1-2~ubuntu1_all.deb ...
> Unpacking python-chardet-whl (2.2.1-2~ubuntu1) ...
> Selecting previously unselected package python-colorama.
> Preparing to unpack .../python-colorama_0.2.5-0.1ubuntu2_all.deb ...
> Unpacking python-colorama (0.2.5-0.1ubuntu2) ...
> Selecting previously unselected package python-colorama-whl.
> Preparing to unpack .../python-colorama-whl_0.2.5-0.1ubuntu2_all.deb ...
> Unpacking python-colorama-whl (0.2.5-0.1ubuntu2) ...
> Selecting previously unselected package python2.7-dev.
> Preparing to unpack .../python2.7-dev_2.7.6-8ubuntu0.2_amd64.deb ...
> Unpacking python2.7-dev (2.7.6-8ubuntu0.2) ...
> Selecting previously unselected package python-dev.
> Preparing to unpack .../python-dev_2.7.5-5ubuntu3_amd64.deb ...
> Unpacking python-dev (2.7.5-5ubuntu3) ...
> Selecting previously unselected package python-distlib.
> Preparing to unpack .../python-distlib_0.1.8-1ubuntu1_all.deb ...
> Unpacking python-distlib (0.1.8-1ubuntu1) ...
> Selecting previously unselected package python-distlib-whl.
> Preparing to unpack .../python-distlib-whl_0.1.8-1ubuntu1_all.deb ...
> Unpacking python-distlib-whl (0.1.8-1ubuntu1) ...
> Selecting previously unselected package python-html5lib.
> Preparing to unpack .../python-html5lib_0.999-3~ubuntu1_all.deb ...
> Unpacking python-html5lib (0.999-3~ubuntu1) ...
> Selecting previously unselected package python-html5lib-whl.
> Preparing to unpack .../python-html5lib-whl_0.999-3~ubuntu1_all.deb ...
> Unpacking python-html5lib-whl (0.999-3~ubuntu1) ...
> Selecting previously unselected package python-six-whl.
> Preparing to unpack .../python-six-whl_1.5.2-1ubuntu1_all.deb ...
> Unpacking python-six-whl (1.5.2-1ubuntu1) ...
> Selecting previously unselected package python-urllib3-whl.
> Preparing to unpack .../python-urllib3-whl_1.7.1-1ubuntu4_all.deb ...
> Unpacking python-urllib3-whl (1.7.1-1ubuntu4) ...
> Selecting previously unselected package python-requests-whl.
> Preparing to unpack .../python-requests-whl_2.2.1-1ubuntu0.3_all.deb ...
> Unpacking python-requests-whl (2.2.1-1ubuntu0.3) ...
> Selecting previously unselected package python-setuptools-whl.
> Preparing to unpack .../python-setuptools-whl_3.3-1ubuntu2_all.deb ...
> Unpacking python-setuptools-whl (3.3-1ubuntu2) ...
> Selecting previously unselected package python-pip-whl.
> Preparing to unpack .../python-pip-whl_1.5.4-1ubuntu4_all.deb ...
> Unpacking python-pip-whl (1.5.4-1ubuntu4) ...
> Selecting previously unselected package python-setuptools.
> Preparing to unpack .../python-setuptools_3.3-1ubuntu2_all.deb ...
> Unpacking python-setuptools (3.3-1ubuntu2) ...
> Selecting previously unselected package python-pip.
> Preparing to unpack .../python-pip_1.5.4-1ubuntu4_all.deb ...
> Unpacking python-pip (1.5.4-1ubuntu4) ...
> Selecting previously unselected package python-wheel.
> Preparing to unpack .../python-wheel_0.24.0-1~ubuntu1_all.deb ...
> Unpacking python-wheel (0.24.0-1~ubuntu1) ...
> Processing triggers for man-db (2.6.7.1-1ubuntu1) ...
> Processing triggers for install-info (5.2.0.dfsg.1-2) ...
> Processing triggers for ureadahead (0.100.0-16) ...
> Processing triggers for ufw (0.34~rc-0ubuntu2) ...
> Setting up libssl1.0.0:amd64 (1.0.1f-1ubuntu2.21) ...
> Setting up libasan0:amd64 (4.8.4-2ubuntu1~14.04.3) ...
> Setting up libatomic1:amd64 (4.8.4-2ubuntu1~14.04.3) ...
> Setting up libgmp10:amd64 (2:5.1.3+dfsg-1ubuntu1) ...
> Setting up libisl10:amd64 (0.12.2-1) ...
> Setting up libcloog-isl4:amd64 (0.18.2-1) ...
> Setting up fonts-dejavu-core (2.34-1ubuntu1) ...
> Setting up fontconfig-config (2.11.0-0ubuntu4.2) ...
> Setting up libfontconfig1:amd64 (2.11.0-0ubuntu4.2) ...
> Setting up libjpeg-turbo8:amd64 (1.3.0-0ubuntu2) ...
> Setting up libjpeg8:amd64 (8c-2ubuntu8) ...
> Setting up libjbig0:amd64 (2.0-2ubuntu4.1) ...
> Setting up libtiff5:amd64 (4.0.3-7ubuntu0.4) ...
> Setting up libvpx1:amd64 (1.3.0-2) ...
> Setting up libxpm4:amd64 (1:3.5.10-1) ...
> Setting up libgd3:amd64 (2.1.0-3ubuntu0.3) ...
> Setting up libgomp1:amd64 (4.8.4-2ubuntu1~14.04.3) ...
> Setting up libgssrpc4:amd64 (1.12+dfsg-2ubuntu5.2) ...
> Setting up libitm1:amd64 (4.8.4-2ubuntu1~14.04.3) ...
> Setting up libkadm5clnt-mit9:amd64 (1.12+dfsg-2ubuntu5.2) ...
> Setting up libkdb5-7:amd64 (1.12+dfsg-2ubuntu5.2) ...
> Setting up libkadm5srv-mit9:amd64 (1.12+dfsg-2ubuntu5.2) ...
> Setting up libmpfr4:amd64 (3.1.2-1) ...
> Setting up libc-dev-bin (2.19-0ubuntu6.9) ...
> Setting up linux-libc-dev:amd64 (3.13.0-96.143) ...
> Setting up libc6-dev:amd64 (2.19-0ubuntu6.9) ...
> Setting up libexpat1-dev:amd64 (2.1.0-4ubuntu1.3) ...
> Setting up libpython2.7-dev:amd64 (2.7.6-8ubuntu0.2) ...
> Setting up libquadmath0:amd64 (4.8.4-2ubuntu1~14.04.3) ...
> Setting up libtsan0:amd64 (4.8.4-2ubuntu1~14.04.3) ...
> Setting up libxslt1.1:amd64 (1.1.28-2build1) ...
> Setting up libmpc3:amd64 (1.0.1-1ubuntu1) ...
> Setting up binutils (2.24-5ubuntu14.1) ...
> Setting up cpp-4.8 (4.8.4-2ubuntu1~14.04.3) ...
> Setting up cpp (4:4.8.2-1ubuntu6) ...
> Setting up libgcc-4.8-dev:amd64 (4.8.4-2ubuntu1~14.04.3) ...
> Setting up gcc-4.8 (4.8.4-2ubuntu1~14.04.3) ...
> Setting up gcc (4:4.8.2-1ubuntu6) ...
> Setting up libstdc++-4.8-dev:amd64 (4.8.4-2ubuntu1~14.04.3) ...
> Setting up g++-4.8 (4.8.4-2ubuntu1~14.04.3) ...
> Setting up g++ (4:4.8.2-1ubuntu6) ...
> update-alternatives: using /usr/bin/g++ to provide /usr/bin/c++ (c++) in auto mode
> Setting up make (3.81-8.2ubuntu3) ...
> Setting up libdpkg-perl (1.17.5ubuntu5.7) ...
> Setting up dpkg-dev (1.17.5ubuntu5.7) ...
> Setting up build-essential (11.6ubuntu6) ...
> Setting up libfakeroot:amd64 (1.20-3ubuntu2) ...
> Setting up fakeroot (1.20-3ubuntu2) ...
> update-alternatives: using /usr/bin/fakeroot-sysv to provide /usr/bin/fakeroot (fakeroot) in auto mode
> Setting up liberror-perl (0.17-1.1) ...
> Setting up git-man (1:1.9.1-1ubuntu0.3) ...
> Setting up git (1:1.9.1-1ubuntu0.3) ...
> Setting up comerr-dev (2.1-1.42.9-3ubuntu1.3) ...
> Setting up krb5-multidev (1.12+dfsg-2ubuntu5.2) ...
> Setting up libalgorithm-diff-perl (1.19.02-3) ...
> Setting up libalgorithm-diff-xs-perl (0.04-2build4) ...
> Setting up libalgorithm-merge-perl (0.08-2) ...
> Setting up libfile-fcntllock-perl (0.14-2build1) ...
> Setting up libossp-uuid16 (1.6.2-1.3ubuntu1) ...
> Setting up libpq5 (9.3.14-0ubuntu0.14.04) ...
> Setting up zlib1g-dev:amd64 (1:1.2.8.dfsg-1ubuntu1) ...
> Setting up libssl-dev:amd64 (1.0.1f-1ubuntu2.21) ...
> Setting up libpq-dev (9.3.14-0ubuntu0.14.04) ...
> Setting up libpython-dev:amd64 (2.7.5-5ubuntu3) ...
> Setting up libssl-doc (1.0.1f-1ubuntu2.21) ...
> Setting up manpages-dev (3.54-1ubuntu1) ...
> Setting up nginx-common (1.4.6-1ubuntu3.5) ...
> Setting up postgresql-client-common (154ubuntu1) ...
> Setting up postgresql-client-9.3 (9.3.14-0ubuntu0.14.04) ...
> update-alternatives: using /usr/share/postgresql/9.3/man/man1/psql.1.gz to provide /usr/share/man/man1/psql.1.gz (psql.1.gz) in auto mode
> Setting up ssl-cert (1.0.33) ...
> Setting up postgresql-common (154ubuntu1) ...
> Adding user postgres to group ssl-cert
>
> Creating config file /etc/logrotate.d/postgresql-common with new version
> Building PostgreSQL dictionaries from installed myspell/hunspell packages...
> Removing obsolete dictionary files:
>  * No PostgreSQL clusters exist; see "man pg_createcluster"
> Setting up python3-pkg-resources (3.3-1ubuntu2) ...
> Setting up python-chardet-whl (2.2.1-2~ubuntu1) ...
> Setting up python-colorama (0.2.5-0.1ubuntu2) ...
> Setting up python-colorama-whl (0.2.5-0.1ubuntu2) ...
> Setting up python2.7-dev (2.7.6-8ubuntu0.2) ...
> Setting up python-dev (2.7.5-5ubuntu3) ...
> Setting up python-distlib (0.1.8-1ubuntu1) ...
> Setting up python-distlib-whl (0.1.8-1ubuntu1) ...
> Setting up python-html5lib (0.999-3~ubuntu1) ...
> Setting up python-html5lib-whl (0.999-3~ubuntu1) ...
> Setting up python-six-whl (1.5.2-1ubuntu1) ...
> Setting up python-urllib3-whl (1.7.1-1ubuntu4) ...
> Setting up python-requests-whl (2.2.1-1ubuntu0.3) ...
> Setting up python-setuptools-whl (3.3-1ubuntu2) ...
> Setting up python-pip-whl (1.5.4-1ubuntu4) ...
> Setting up python-setuptools (3.3-1ubuntu2) ...
> Setting up python-pip (1.5.4-1ubuntu4) ...
> Setting up python-wheel (0.24.0-1~ubuntu1) ...
> Processing triggers for ureadahead (0.100.0-16) ...
> Setting up postgresql-9.3 (9.3.14-0ubuntu0.14.04) ...
> Creating new cluster 9.3/main ...
>   config /etc/postgresql/9.3/main
>   data   /var/lib/postgresql/9.3/main
>   locale en_US.UTF-8
>   port   5432
> update-alternatives: using /usr/share/postgresql/9.3/man/man1/postmaster.1.gz to provide /usr/share/man/man1/postmaster.1.gz (postmaster.1.gz) in auto mode
>  * Starting PostgreSQL 9.3 database server                               [ OK ]
> Setting up postgresql (9.3+154ubuntu1) ...
> Setting up postgresql-contrib-9.3 (9.3.14-0ubuntu0.14.04) ...
> Setting up postgresql-contrib (9.3+154ubuntu1) ...
> Processing triggers for ufw (0.34~rc-0ubuntu2) ...
> Setting up nginx-core (1.4.6-1ubuntu3.5) ...
> Setting up nginx (1.4.6-1ubuntu3.5) ...
> Processing triggers for libc-bin (2.19-0ubuntu6.9) ...
> ubuntu@ip-172-31-18-211:~$ sudo apt-get update
> Ign http://us-west-2.ec2.archive.ubuntu.com trusty InRelease
> Hit http://us-west-2.ec2.archive.ubuntu.com trusty-updates InRelease
> Hit http://us-west-2.ec2.archive.ubuntu.com trusty-backports InRelease
> Hit http://us-west-2.ec2.archive.ubuntu.com trusty Release.gpg
> Hit http://us-west-2.ec2.archive.ubuntu.com trusty Release
> Hit http://us-west-2.ec2.archive.ubuntu.com trusty-updates/main Sources
> Hit http://us-west-2.ec2.archive.ubuntu.com trusty-updates/restricted Sources
> Hit http://us-west-2.ec2.archive.ubuntu.com trusty-updates/universe Sources
> Hit http://us-west-2.ec2.archive.ubuntu.com trusty-updates/multiverse Sources
> Hit http://us-west-2.ec2.archive.ubuntu.com trusty-updates/main amd64 Packages
> Hit http://us-west-2.ec2.archive.ubuntu.com trusty-updates/restricted amd64 Packages
> Hit http://us-west-2.ec2.archive.ubuntu.com trusty-updates/universe amd64 Packages
> Hit http://us-west-2.ec2.archive.ubuntu.com trusty-updates/multiverse amd64 Packages
> Hit http://us-west-2.ec2.archive.ubuntu.com trusty-updates/main Translation-en
> Hit http://us-west-2.ec2.archive.ubuntu.com trusty-updates/multiverse Translation-en
> Hit http://us-west-2.ec2.archive.ubuntu.com trusty-updates/restricted Translation-en
> Hit http://us-west-2.ec2.archive.ubuntu.com trusty-updates/universe Translation-en
> Hit http://us-west-2.ec2.archive.ubuntu.com trusty-backports/main Sources
> Hit http://us-west-2.ec2.archive.ubuntu.com trusty-backports/restricted Sources
> Hit http://us-west-2.ec2.archive.ubuntu.com trusty-backports/universe Sources
> Hit http://us-west-2.ec2.archive.ubuntu.com trusty-backports/multiverse Sources
> Hit http://us-west-2.ec2.archive.ubuntu.com trusty-backports/main amd64 Packages
> Hit http://us-west-2.ec2.archive.ubuntu.com trusty-backports/restricted amd64 Packages
> Hit http://us-west-2.ec2.archive.ubuntu.com trusty-backports/universe amd64 Packages
> Hit http://us-west-2.ec2.archive.ubuntu.com trusty-backports/multiverse amd64 Packages
> Hit http://us-west-2.ec2.archive.ubuntu.com trusty-backports/main Translation-en
> Hit http://us-west-2.ec2.archive.ubuntu.com trusty-backports/multiverse Translation-en
> Hit http://us-west-2.ec2.archive.ubuntu.com trusty-backports/restricted Translation-en
> Hit http://us-west-2.ec2.archive.ubuntu.com trusty-backports/universe Translation-en
> Hit http://us-west-2.ec2.archive.ubuntu.com trusty/main Sources
> Hit http://us-west-2.ec2.archive.ubuntu.com trusty/restricted Sources
> Hit http://us-west-2.ec2.archive.ubuntu.com trusty/universe Sources
> Hit http://us-west-2.ec2.archive.ubuntu.com trusty/multiverse Sources
> Hit http://us-west-2.ec2.archive.ubuntu.com trusty/main amd64 Packages
> Hit http://us-west-2.ec2.archive.ubuntu.com trusty/restricted amd64 Packages
> Hit http://us-west-2.ec2.archive.ubuntu.com trusty/universe amd64 Packages
> Hit http://us-west-2.ec2.archive.ubuntu.com trusty/multiverse amd64 Packages
> Hit http://us-west-2.ec2.archive.ubuntu.com trusty/main Translation-en
> Hit http://us-west-2.ec2.archive.ubuntu.com trusty/multiverse Translation-en
> Hit http://us-west-2.ec2.archive.ubuntu.com trusty/restricted Translation-en
> Hit http://us-west-2.ec2.archive.ubuntu.com trusty/universe Translation-en
> Ign http://us-west-2.ec2.archive.ubuntu.com trusty/main Translation-en_US
> Ign http://us-west-2.ec2.archive.ubuntu.com trusty/multiverse Translation-en_US
> Ign http://us-west-2.ec2.archive.ubuntu.com trusty/restricted Translation-en_US
> Ign http://us-west-2.ec2.archive.ubuntu.com trusty/universe Translation-en_US
> Hit http://security.ubuntu.com trusty-security InRelease
> Hit http://security.ubuntu.com trusty-security/main Sources
> Hit http://security.ubuntu.com trusty-security/universe Sources
> Hit http://security.ubuntu.com trusty-security/main amd64 Packages
> Hit http://security.ubuntu.com trusty-security/universe amd64 Packages
> Hit http://security.ubuntu.com trusty-security/main Translation-en
> Hit http://security.ubuntu.com trusty-security/universe Translation-en
> Reading package lists... Done
> ubuntu@ip-172-31-18-211:~$ sudo pip install virtualenv
> Downloading/unpacking virtualenv
>   Downloading virtualenv-15.0.3-py2.py3-none-any.whl (3.5MB): 3.5MB downloaded
> Installing collected packages: virtualenv
> Successfully installed virtualenv
> Cleaning up...
> ubuntu@ip-172-31-18-211:~$ git clone https://github.com/MelissaEHong/deployment.git
> Cloning into 'deployment'...
> remote: Counting objects: 44, done.
> remote: Compressing objects: 100% (37/37), done.
> remote: Total 44 (delta 6), reused 42 (delta 4), pack-reused 0
> Unpacking objects: 100% (44/44), done.
> Checking connectivity... done.
> ubuntu@ip-172-31-18-211:~$ cd deployment
> ubuntu@ip-172-31-18-211:~/deployment$ ls
> apps  db.sqlite3  manage.py  requirements.txt  travelingbuddy
> ubuntu@ip-172-31-18-211:~/deployment$ virtualenv venv
> New python executable in /home/ubuntu/deployment/venv/bin/python
> Installing setuptools, pip, wheel...done.
> ubuntu@ip-172-31-18-211:~/deployment$ source venv/bin/activate
> (venv) ubuntu@ip-172-31-18-211:~/deployment$ pip install django bcrypt django-extensions
> Collecting django
> /home/ubuntu/deployment/venv/local/lib/python2.7/site-packages/pip/_vendor/requests/packages/urllib3/util/ssl_.py:318: SNIMissingWarning: An HTTPS request has been made, but the SNI (Subject Name Indication) extension to TLS is not available on this platform. This may cause the server to present an incorrect TLS certificate, which can cause validation failures. You can upgrade to a newer version of Python to solve this. For more information, see https://urllib3.readthedocs.org/en/latest/security.html#snimissingwarning.
>   SNIMissingWarning
> /home/ubuntu/deployment/venv/local/lib/python2.7/site-packages/pip/_vendor/requests/packages/urllib3/util/ssl_.py:122: InsecurePlatformWarning: A true SSLContext object is not available. This prevents urllib3 from configuring SSL appropriately and may cause certain SSL connections to fail. You can upgrade to a newer version of Python to solve this. For more information, see https://urllib3.readthedocs.org/en/latest/security.html#insecureplatformwarning.
>   InsecurePlatformWarning
>   Downloading Django-1.10.2-py2.py3-none-any.whl (6.8MB)
>     100% || 6.8MB 212kB/s
> Collecting bcrypt
>   Downloading bcrypt-3.1.1-cp27-cp27mu-manylinux1_x86_64.whl (56kB)
>     100% || 61kB 11.1MB/s
> Collecting django-extensions
>   Downloading django_extensions-1.7.4-py2.py3-none-any.whl (200kB)
>     100% || 204kB 6.7MB/s
> Collecting cffi>=1.1 (from bcrypt)
>   Downloading cffi-1.8.3-cp27-cp27mu-manylinux1_x86_64.whl (386kB)
>     100% || 389kB 2.8MB/s
> Collecting six>=1.4.1 (from bcrypt)
>   Downloading six-1.10.0-py2.py3-none-any.whl
> Collecting pycparser (from cffi>=1.1->bcrypt)
>   Downloading pycparser-2.14.tar.gz (223kB)
>     100% || 225kB 5.8MB/s
> Building wheels for collected packages: pycparser
>   Running setup.py bdist_wheel for pycparser ... done
>   Stored in directory: /home/ubuntu/.cache/pip/wheels/9b/f4/2e/d03e949a551719a1ffcb659f2c63d8444f4df12e994ce52112
> Successfully built pycparser
> Installing collected packages: django, pycparser, cffi, six, bcrypt, django-extensions
> Successfully installed bcrypt-3.1.1 cffi-1.8.3 django-1.10.2 django-extensions-1.7.4 pycparser-2.14 six-1.10.0
> (venv) ubuntu@ip-172-31-18-211:~/deployment$ pip install gunicorn
> Collecting gunicorn
> /home/ubuntu/deployment/venv/local/lib/python2.7/site-packages/pip/_vendor/requests/packages/urllib3/util/ssl_.py:318: SNIMissingWarning: An HTTPS request has been made, but the SNI (Subject Name Indication) extension to TLS is not available on this platform. This may cause the server to present an incorrect TLS certificate, which can cause validation failures. You can upgrade to a newer version of Python to solve this. For more information, see https://urllib3.readthedocs.org/en/latest/security.html#snimissingwarning.
>   SNIMissingWarning
> /home/ubuntu/deployment/venv/local/lib/python2.7/site-packages/pip/_vendor/requests/packages/urllib3/util/ssl_.py:122: InsecurePlatformWarning: A true SSLContext object is not available. This prevents urllib3 from configuring SSL appropriately and may cause certain SSL connections to fail. You can upgrade to a newer version of Python to solve this. For more information, see https://urllib3.readthedocs.org/en/latest/security.html#insecureplatformwarning.
>   InsecurePlatformWarning
>   Downloading gunicorn-19.6.0-py2.py3-none-any.whl (114kB)
>     100% || 122kB 5.4MB/s
> Installing collected packages: gunicorn
> Successfully installed gunicorn-19.6.0
> (venv) ubuntu@ip-172-31-18-211:~/deployment$ pip install psycopg2
> Collecting psycopg2
> /home/ubuntu/deployment/venv/local/lib/python2.7/site-packages/pip/_vendor/requests/packages/urllib3/util/ssl_.py:318: SNIMissingWarning: An HTTPS request has been made, but the SNI (Subject Name Indication) extension to TLS is not available on this platform. This may cause the server to present an incorrect TLS certificate, which can cause validation failures. You can upgrade to a newer version of Python to solve this. For more information, see https://urllib3.readthedocs.org/en/latest/security.html#snimissingwarning.
>   SNIMissingWarning
> /home/ubuntu/deployment/venv/local/lib/python2.7/site-packages/pip/_vendor/requests/packages/urllib3/util/ssl_.py:122: InsecurePlatformWarning: A true SSLContext object is not available. This prevents urllib3 from configuring SSL appropriately and may cause certain SSL connections to fail. You can upgrade to a newer version of Python to solve this. For more information, see https://urllib3.readthedocs.org/en/latest/security.html#insecureplatformwarning.
>   InsecurePlatformWarning
>   Downloading psycopg2-2.6.2.tar.gz (376kB)
>     100% || 378kB 3.3MB/s
> Building wheels for collected packages: psycopg2
>   Running setup.py bdist_wheel for psycopg2 ... done
>   Stored in directory: /home/ubuntu/.cache/pip/wheels/49/47/2a/5c3f874990ce267228c2dfe7a0589f3b0651aa590e329ad382
> Successfully built psycopg2
> Installing collected packages: psycopg2
> Successfully installed psycopg2-2.6.2
> (venv) ubuntu@ip-172-31-18-211:~/deployment$ ls
> apps  db.sqlite3  manage.py  requirements.txt  travelingbuddy  venv
> (venv) ubuntu@ip-172-31-18-211:~/deployment$ cd travelingbuddy
> (venv) ubuntu@ip-172-31-18-211:~/deployment/travelingbuddy$ sudo nano settings.py
> (venv) ubuntu@ip-172-31-18-211:~/deployment/travelingbuddy$ sudo su - postgres
> postgres@ip-172-31-18-211:~$ psql
> psql (9.3.14)
> Type "help" for help.
>
> postgres=# CREATE DATABASE database;
> CREATE DATABASE
> postgres=# CREATE USER user WITH PASSWORD 'qweqweqwe';
> ERROR:  syntax error at or near "user"
> LINE 1: CREATE USER user WITH PASSWORD 'qweqweqwe';
>                     ^
> postgres=# \q
> postgres@ip-172-31-18-211:~$ exit
> logout
> (venv) ubuntu@ip-172-31-18-211:~/deployment/travelingbuddy$ sudo nano settings.py
> (venv) ubuntu@ip-172-31-18-211:~/deployment/travelingbuddy$ sudo su - postgres
> postgres@ip-172-31-18-211:~$ psql
> psql (9.3.14)
> Type "help" for help.
>
> postgres=# CREATE DATABASE database;
> ERROR:  database "database" already exists
> postgres=# exit
> postgres-# \q
> postgres@ip-172-31-18-211:~$ exit
> logout
> (venv) ubuntu@ip-172-31-18-211:~/deployment/travelingbuddy$ sudo nano settings.py
> (venv) ubuntu@ip-172-31-18-211:~/deployment/travelingbuddy$ sudo su - postgres
> postgres@ip-172-31-18-211:~$ \q
> q: command not found
> postgres@ip-172-31-18-211:~$ exit
> logout
> (venv) ubuntu@ip-172-31-18-211:~/deployment/travelingbuddy$ \q
> q: command not found
> (venv) ubuntu@ip-172-31-18-211:~/deployment/travelingbuddy$ sudo nano settings.py
> (venv) ubuntu@ip-172-31-18-211:~/deployment/travelingbuddy$ sudo su - postgres
> postgres@ip-172-31-18-211:~$ psql
> psql (9.3.14)
> Type "help" for help.
>
> postgres=# CREATE DATABASE db1;
> CREATE DATABASE
> postgres=# CREATE USER username1 WITH PASSWORD 'qweqweqwe';
> CREATE ROLE
> postgres=# GRANT ALL PRIVILEGES ON DATABASE db1 TO username1;
> GRANT
> postgres=# \q
> postgres@ip-172-31-18-211:~$ exit
> logout
> (venv) ubuntu@ip-172-31-18-211:~/deployment/travelingbuddy$ ls
> __init__.py   settings.py   urls.py   wsgi.py
> __init__.pyc  settings.pyc  urls.pyc  wsgi.pyc
> (venv) ubuntu@ip-172-31-18-211:~/deployment/travelingbuddy$ cd ..
> (venv) ubuntu@ip-172-31-18-211:~/deployment$ ls
> apps  db.sqlite3  manage.py  requirements.txt  travelingbuddy  venv
> (venv) ubuntu@ip-172-31-18-211:~/deployment$ python manage.py collectstatic
>
> You have requested to collect static files at the destination
> location as specified in your settings:
>
>     /home/ubuntu/deployment/static
>
> This will overwrite existing files!
> Are you sure you want to do this?
>
> Type 'yes' to continue, or 'no' to cancel: yes
> Copying '/home/ubuntu/deployment/venv/local/lib/python2.7/site-packages/django/contrib/admin/static/admin/img/inline-delete.svg'
> Copying '/home/ubuntu/deployment/venv/local/lib/python2.7/site-packages/django/contrib/admin/static/admin/img/tooltag-arrowright.svg'
> Copying '/home/ubuntu/deployment/venv/local/lib/python2.7/site-packages/django/contrib/admin/static/admin/img/icon-unknown-alt.svg'
> Copying '/home/ubuntu/deployment/venv/local/lib/python2.7/site-packages/django/contrib/admin/static/admin/img/icon-calendar.svg'
> Copying '/home/ubuntu/deployment/venv/local/lib/python2.7/site-packages/django/contrib/admin/static/admin/img/sorting-icons.svg'
> Copying '/home/ubuntu/deployment/venv/local/lib/python2.7/site-packages/django/contrib/admin/static/admin/img/icon-addlink.svg'
> Copying '/home/ubuntu/deployment/venv/local/lib/python2.7/site-packages/django/contrib/admin/static/admin/img/icon-unknown.svg'
> Copying '/home/ubuntu/deployment/venv/local/lib/python2.7/site-packages/django/contrib/admin/static/admin/img/selector-icons.svg'
> Copying '/home/ubuntu/deployment/venv/local/lib/python2.7/site-packages/django/contrib/admin/static/admin/img/LICENSE'
> Copying '/home/ubuntu/deployment/venv/local/lib/python2.7/site-packages/django/contrib/admin/static/admin/img/icon-yes.svg'
> Copying '/home/ubuntu/deployment/venv/local/lib/python2.7/site-packages/django/contrib/admin/static/admin/img/search.svg'
> Copying '/home/ubuntu/deployment/venv/local/lib/python2.7/site-packages/django/contrib/admin/static/admin/img/icon-deletelink.svg'
> Copying '/home/ubuntu/deployment/venv/local/lib/python2.7/site-packages/django/contrib/admin/static/admin/img/calendar-icons.svg'
> Copying '/home/ubuntu/deployment/venv/local/lib/python2.7/site-packages/django/contrib/admin/static/admin/img/icon-no.svg'
> Copying '/home/ubuntu/deployment/venv/local/lib/python2.7/site-packages/django/contrib/admin/static/admin/img/icon-alert.svg'
> Copying '/home/ubuntu/deployment/venv/local/lib/python2.7/site-packages/django/contrib/admin/static/admin/img/icon-clock.svg'
> Copying '/home/ubuntu/deployment/venv/local/lib/python2.7/site-packages/django/contrib/admin/static/admin/img/icon-changelink.svg'
> Copying '/home/ubuntu/deployment/venv/local/lib/python2.7/site-packages/django/contrib/admin/static/admin/img/README.txt'
> Copying '/home/ubuntu/deployment/venv/local/lib/python2.7/site-packages/django/contrib/admin/static/admin/img/tooltag-add.svg'
> Copying '/home/ubuntu/deployment/venv/local/lib/python2.7/site-packages/django/contrib/admin/static/admin/img/gis/move_vertex_off.svg'
> Copying '/home/ubuntu/deployment/venv/local/lib/python2.7/site-packages/django/contrib/admin/static/admin/img/gis/move_vertex_on.svg'
> Copying '/home/ubuntu/deployment/venv/local/lib/python2.7/site-packages/django/contrib/admin/static/admin/js/prepopulate.min.js'
> Copying '/home/ubuntu/deployment/venv/local/lib/python2.7/site-packages/django/contrib/admin/static/admin/js/actions.min.js'
> Copying '/home/ubuntu/deployment/venv/local/lib/python2.7/site-packages/django/contrib/admin/static/admin/js/change_form.js'
> Copying '/home/ubuntu/deployment/venv/local/lib/python2.7/site-packages/django/contrib/admin/static/admin/js/urlify.js'
> Copying '/home/ubuntu/deployment/venv/local/lib/python2.7/site-packages/django/contrib/admin/static/admin/js/inlines.js'
> Copying '/home/ubuntu/deployment/venv/local/lib/python2.7/site-packages/django/contrib/admin/static/admin/js/jquery.init.js'
> Copying '/home/ubuntu/deployment/venv/local/lib/python2.7/site-packages/django/contrib/admin/static/admin/js/core.js'
> Copying '/home/ubuntu/deployment/venv/local/lib/python2.7/site-packages/django/contrib/admin/static/admin/js/cancel.js'
> Copying '/home/ubuntu/deployment/venv/local/lib/python2.7/site-packages/django/contrib/admin/static/admin/js/inlines.min.js'
> Copying '/home/ubuntu/deployment/venv/local/lib/python2.7/site-packages/django/contrib/admin/static/admin/js/collapse.min.js'
> Copying '/home/ubuntu/deployment/venv/local/lib/python2.7/site-packages/django/contrib/admin/static/admin/js/SelectBox.js'
> Copying '/home/ubuntu/deployment/venv/local/lib/python2.7/site-packages/django/contrib/admin/static/admin/js/SelectFilter2.js'
> Copying '/home/ubuntu/deployment/venv/local/lib/python2.7/site-packages/django/contrib/admin/static/admin/js/prepopulate_init.js'
> Copying '/home/ubuntu/deployment/venv/local/lib/python2.7/site-packages/django/contrib/admin/static/admin/js/actions.js'
> Copying '/home/ubuntu/deployment/venv/local/lib/python2.7/site-packages/django/contrib/admin/static/admin/js/timeparse.js'
> Copying '/home/ubuntu/deployment/venv/local/lib/python2.7/site-packages/django/contrib/admin/static/admin/js/collapse.js'
> Copying '/home/ubuntu/deployment/venv/local/lib/python2.7/site-packages/django/contrib/admin/static/admin/js/calendar.js'
> Copying '/home/ubuntu/deployment/venv/local/lib/python2.7/site-packages/django/contrib/admin/static/admin/js/popup_response.js'
> Copying '/home/ubuntu/deployment/venv/local/lib/python2.7/site-packages/django/contrib/admin/static/admin/js/prepopulate.js'
> Copying '/home/ubuntu/deployment/venv/local/lib/python2.7/site-packages/django/contrib/admin/static/admin/js/vendor/xregexp/LICENSE-XREGEXP.txt'
> Copying '/home/ubuntu/deployment/venv/local/lib/python2.7/site-packages/django/contrib/admin/static/admin/js/vendor/xregexp/xregexp.min.js'
> Copying '/home/ubuntu/deployment/venv/local/lib/python2.7/site-packages/django/contrib/admin/static/admin/js/vendor/xregexp/xregexp.js'
> Copying '/home/ubuntu/deployment/venv/local/lib/python2.7/site-packages/django/contrib/admin/static/admin/js/vendor/jquery/LICENSE-JQUERY.txt'
> Copying '/home/ubuntu/deployment/venv/local/lib/python2.7/site-packages/django/contrib/admin/static/admin/js/vendor/jquery/jquery.min.js'
> Copying '/home/ubuntu/deployment/venv/local/lib/python2.7/site-packages/django/contrib/admin/static/admin/js/vendor/jquery/jquery.js'
> Copying '/home/ubuntu/deployment/venv/local/lib/python2.7/site-packages/django/contrib/admin/static/admin/js/admin/RelatedObjectLookups.js'
> Copying '/home/ubuntu/deployment/venv/local/lib/python2.7/site-packages/django/contrib/admin/static/admin/js/admin/DateTimeShortcuts.js'
> Copying '/home/ubuntu/deployment/venv/local/lib/python2.7/site-packages/django/contrib/admin/static/admin/css/widgets.css'
> Copying '/home/ubuntu/deployment/venv/local/lib/python2.7/site-packages/django/contrib/admin/static/admin/css/fonts.css'
> Copying '/home/ubuntu/deployment/venv/local/lib/python2.7/site-packages/django/contrib/admin/static/admin/css/base.css'
> Copying '/home/ubuntu/deployment/venv/local/lib/python2.7/site-packages/django/contrib/admin/static/admin/css/forms.css'
> Copying '/home/ubuntu/deployment/venv/local/lib/python2.7/site-packages/django/contrib/admin/static/admin/css/dashboard.css'
> Copying '/home/ubuntu/deployment/venv/local/lib/python2.7/site-packages/django/contrib/admin/static/admin/css/login.css'
> Copying '/home/ubuntu/deployment/venv/local/lib/python2.7/site-packages/django/contrib/admin/static/admin/css/rtl.css'
> Copying '/home/ubuntu/deployment/venv/local/lib/python2.7/site-packages/django/contrib/admin/static/admin/css/changelists.css'
> Copying '/home/ubuntu/deployment/venv/local/lib/python2.7/site-packages/django/contrib/admin/static/admin/fonts/Roboto-Light-webfont.woff'
> Copying '/home/ubuntu/deployment/venv/local/lib/python2.7/site-packages/django/contrib/admin/static/admin/fonts/LICENSE.txt'
> Copying '/home/ubuntu/deployment/venv/local/lib/python2.7/site-packages/django/contrib/admin/static/admin/fonts/Roboto-Regular-webfont.woff'
> Copying '/home/ubuntu/deployment/venv/local/lib/python2.7/site-packages/django/contrib/admin/static/admin/fonts/Roboto-Bold-webfont.woff'
> Copying '/home/ubuntu/deployment/venv/local/lib/python2.7/site-packages/django/contrib/admin/static/admin/fonts/README.txt'
>
> 61 static files copied to '/home/ubuntu/deployment/static'.
> (venv) ubuntu@ip-172-31-18-211:~/deployment$ python manage.py makemigrations
> No changes detected
> (venv) ubuntu@ip-172-31-18-211:~/deployment$ python manage.py migrate
> Operations to perform:
>   Apply all migrations: admin, auth, contenttypes, sessions, travel_buddy_app
> Running migrations:
>   Applying contenttypes.0001_initial... OK
>   Applying auth.0001_initial... OK
>   Applying admin.0001_initial... OK
>   Applying admin.0002_logentry_remove_auto_add... OK
>   Applying contenttypes.0002_remove_content_type_name... OK
>   Applying auth.0002_alter_permission_name_max_length... OK
>   Applying auth.0003_alter_user_email_max_length... OK
>   Applying auth.0004_alter_user_username_opts... OK
>   Applying auth.0005_alter_user_last_login_null... OK
>   Applying auth.0006_require_contenttypes_0002... OK
>   Applying auth.0007_alter_validators_add_error_messages... OK
>   Applying auth.0008_alter_user_username_max_length... OK
>   Applying sessions.0001_initial... OK
>   Applying travel_buddy_app.0001_initial... OK
> (venv) ubuntu@ip-172-31-18-211:~/deployment$ gunicorn --bind 0.0.0.0:8000 travelingbuddy.wsgi:application
> [2016-10-05 10:46:50 +0000] [10861] [INFO] Starting gunicorn 19.6.0
> [2016-10-05 10:46:50 +0000] [10861] [INFO] Listening at: http://0.0.0.0:8000 (10861)
> [2016-10-05 10:46:50 +0000] [10861] [INFO] Using worker: sync
> [2016-10-05 10:46:50 +0000] [10866] [INFO] Booting worker with pid: 10866
> ^C[2016-10-05 10:46:55 +0000] [10861] [INFO] Handling signal: int
> [2016-10-05 10:46:55 +0000] [10866] [INFO] Worker exiting (pid: 10866)
> [2016-10-05 10:46:55 +0000] [10861] [INFO] Shutting down: Master
> (venv) ubuntu@ip-172-31-18-211:~/deployment$ deactivate
> ubuntu@ip-172-31-18-211:~/deployment$ cd ..
> ubuntu@ip-172-31-18-211:~$ sudo nano /etc/init/gunicorn.conf
> ubuntu@ip-172-31-18-211:~$ sudo service gunicorn start
> gunicorn start/running, process 10881
> ubuntu@ip-172-31-18-211:~$ sudo nano /etc/nginx/sites-available/travelingbuddy
> ubuntu@ip-172-31-18-211:~$ sudo ln -s /etc/nginx/sites-available/{{projectName}} /etc/nginx/sites-enabled
> ubuntu@ip-172-31-18-211:~$ sudo nginx -t
> nginx: the configuration file /etc/nginx/nginx.conf syntax is ok
> nginx: configuration file /etc/nginx/nginx.conf test is successful
> ubuntu@ip-172-31-18-211:~$ sudo service nginx restart
>  * Restarting nginx nginx                                                [ OK ]
